clear
[3J[H[2Jrm -rf csrc simv.daidir simv tr_db.log ucli.key vc_hdrs.h
vcs -ntb_opts uvm-1.2 -sverilog -f flist -LDFLAGS -full64 -debug_all +lint=TFIPC-L
                         Chronologic VCS (TM)
         Version L-2016.06_Full64 -- Wed Apr 27 14:37:48 2022
               Copyright (c) 1991-2016 by Synopsys Inc.
                         ALL RIGHTS RESERVED

This program is proprietary and confidential information of Synopsys Inc.
and may be used and disclosed only as authorized in a license agreement
controlling such use and disclosure.

Parsing design file '/usr/synopsys/vcs-L-2016.06//etc/uvm-1.2/uvm_pkg.sv'
Parsing included file '/usr/synopsys/vcs-L-2016.06//etc/uvm-1.2/uvm_macros.svh'.
Parsing included file '/usr/synopsys/vcs-L-2016.06//etc/uvm-1.2/macros/uvm_version_defines.svh'.
Back to file '/usr/synopsys/vcs-L-2016.06//etc/uvm-1.2/uvm_macros.svh'.
Parsing included file '/usr/synopsys/vcs-L-2016.06//etc/uvm-1.2/macros/uvm_global_defines.svh'.
Back to file '/usr/synopsys/vcs-L-2016.06//etc/uvm-1.2/uvm_macros.svh'.
Parsing included file '/usr/synopsys/vcs-L-2016.06//etc/uvm-1.2/macros/uvm_message_defines.svh'.
Back to file '/usr/synopsys/vcs-L-2016.06//etc/uvm-1.2/uvm_macros.svh'.
Parsing included file '/usr/synopsys/vcs-L-2016.06//etc/uvm-1.2/macros/uvm_phase_defines.svh'.
Back to file '/usr/synopsys/vcs-L-2016.06//etc/uvm-1.2/uvm_macros.svh'.
Parsing included file '/usr/synopsys/vcs-L-2016.06//etc/uvm-1.2/macros/uvm_object_defines.svh'.
Back to file '/usr/synopsys/vcs-L-2016.06//etc/uvm-1.2/uvm_macros.svh'.
Parsing included file '/usr/synopsys/vcs-L-2016.06//etc/uvm-1.2/macros/uvm_printer_defines.svh'.
Back to file '/usr/synopsys/vcs-L-2016.06//etc/uvm-1.2/uvm_macros.svh'.
Parsing included file '/usr/synopsys/vcs-L-2016.06//etc/uvm-1.2/macros/uvm_tlm_defines.svh'.
Parsing included file '/usr/synopsys/vcs-L-2016.06//etc/uvm-1.2/tlm1/uvm_tlm_imps.svh'.
Back to file '/usr/synopsys/vcs-L-2016.06//etc/uvm-1.2/macros/uvm_tlm_defines.svh'.
Back to file '/usr/synopsys/vcs-L-2016.06//etc/uvm-1.2/uvm_macros.svh'.
Parsing included file '/usr/synopsys/vcs-L-2016.06//etc/uvm-1.2/macros/uvm_sequence_defines.svh'.
Back to file '/usr/synopsys/vcs-L-2016.06//etc/uvm-1.2/uvm_macros.svh'.
Parsing included file '/usr/synopsys/vcs-L-2016.06//etc/uvm-1.2/macros/uvm_callback_defines.svh'.
Back to file '/usr/synopsys/vcs-L-2016.06//etc/uvm-1.2/uvm_macros.svh'.
Parsing included file '/usr/synopsys/vcs-L-2016.06//etc/uvm-1.2/macros/uvm_reg_defines.svh'.
Back to file '/usr/synopsys/vcs-L-2016.06//etc/uvm-1.2/uvm_macros.svh'.
Parsing included file '/usr/synopsys/vcs-L-2016.06//etc/uvm-1.2/macros/uvm_deprecated_defines.svh'.
Back to file '/usr/synopsys/vcs-L-2016.06//etc/uvm-1.2/uvm_macros.svh'.
Back to file '/usr/synopsys/vcs-L-2016.06//etc/uvm-1.2/uvm_pkg.sv'.
Parsing included file '/usr/synopsys/vcs-L-2016.06//etc/uvm-1.2/dpi/uvm_dpi.svh'.
Parsing included file '/usr/synopsys/vcs-L-2016.06//etc/uvm-1.2/dpi/uvm_hdl.svh'.
Back to file '/usr/synopsys/vcs-L-2016.06//etc/uvm-1.2/dpi/uvm_dpi.svh'.
Parsing included file '/usr/synopsys/vcs-L-2016.06//etc/uvm-1.2/dpi/uvm_svcmd_dpi.svh'.
Back to file '/usr/synopsys/vcs-L-2016.06//etc/uvm-1.2/dpi/uvm_dpi.svh'.
Parsing included file '/usr/synopsys/vcs-L-2016.06//etc/uvm-1.2/dpi/uvm_regex.svh'.
Back to file '/usr/synopsys/vcs-L-2016.06//etc/uvm-1.2/dpi/uvm_dpi.svh'.
Back to file '/usr/synopsys/vcs-L-2016.06//etc/uvm-1.2/uvm_pkg.sv'.
Parsing included file '/usr/synopsys/vcs-L-2016.06//etc/uvm-1.2/base/uvm_base.svh'.
Parsing included file '/usr/synopsys/vcs-L-2016.06//etc/uvm-1.2/base/uvm_coreservice.svh'.
Back to file '/usr/synopsys/vcs-L-2016.06//etc/uvm-1.2/base/uvm_base.svh'.
Parsing included file '/usr/synopsys/vcs-L-2016.06//etc/uvm-1.2/base/uvm_version.svh'.
Back to file '/usr/synopsys/vcs-L-2016.06//etc/uvm-1.2/base/uvm_base.svh'.
Parsing included file '/usr/synopsys/vcs-L-2016.06//etc/uvm-1.2/base/uvm_object_globals.svh'.
Back to file '/usr/synopsys/vcs-L-2016.06//etc/uvm-1.2/base/uvm_base.svh'.
Parsing included file '/usr/synopsys/vcs-L-2016.06//etc/uvm-1.2/base/uvm_misc.svh'.
Back to file '/usr/synopsys/vcs-L-2016.06//etc/uvm-1.2/base/uvm_base.svh'.
Parsing included file '/usr/synopsys/vcs-L-2016.06//etc/uvm-1.2/base/uvm_object.svh'.
Back to file '/usr/synopsys/vcs-L-2016.06//etc/uvm-1.2/base/uvm_base.svh'.
Parsing included file '/usr/synopsys/vcs-L-2016.06//etc/uvm-1.2/base/uvm_pool.svh'.
Back to file '/usr/synopsys/vcs-L-2016.06//etc/uvm-1.2/base/uvm_base.svh'.
Parsing included file '/usr/synopsys/vcs-L-2016.06//etc/uvm-1.2/base/uvm_queue.svh'.
Back to file '/usr/synopsys/vcs-L-2016.06//etc/uvm-1.2/base/uvm_base.svh'.
Parsing included file '/usr/synopsys/vcs-L-2016.06//etc/uvm-1.2/base/uvm_factory.svh'.
Back to file '/usr/synopsys/vcs-L-2016.06//etc/uvm-1.2/base/uvm_base.svh'.
Parsing included file '/usr/synopsys/vcs-L-2016.06//etc/uvm-1.2/base/uvm_registry.svh'.
Back to file '/usr/synopsys/vcs-L-2016.06//etc/uvm-1.2/base/uvm_base.svh'.
Parsing included file '/usr/synopsys/vcs-L-2016.06//etc/uvm-1.2/base/uvm_spell_chkr.svh'.
Back to file '/usr/synopsys/vcs-L-2016.06//etc/uvm-1.2/base/uvm_base.svh'.
Parsing included file '/usr/synopsys/vcs-L-2016.06//etc/uvm-1.2/base/uvm_resource.svh'.
Back to file '/usr/synopsys/vcs-L-2016.06//etc/uvm-1.2/base/uvm_base.svh'.
Parsing included file '/usr/synopsys/vcs-L-2016.06//etc/uvm-1.2/base/uvm_resource_specializations.svh'.
Back to file '/usr/synopsys/vcs-L-2016.06//etc/uvm-1.2/base/uvm_base.svh'.
Parsing included file '/usr/synopsys/vcs-L-2016.06//etc/uvm-1.2/base/uvm_resource_db.svh'.
Back to file '/usr/synopsys/vcs-L-2016.06//etc/uvm-1.2/base/uvm_base.svh'.
Parsing included file '/usr/synopsys/vcs-L-2016.06//etc/uvm-1.2/base/uvm_config_db.svh'.
Back to file '/usr/synopsys/vcs-L-2016.06//etc/uvm-1.2/base/uvm_base.svh'.
Parsing included file '/usr/synopsys/vcs-L-2016.06//etc/uvm-1.2/base/uvm_printer.svh'.
Back to file '/usr/synopsys/vcs-L-2016.06//etc/uvm-1.2/base/uvm_base.svh'.
Parsing included file '/usr/synopsys/vcs-L-2016.06//etc/uvm-1.2/base/uvm_comparer.svh'.
Back to file '/usr/synopsys/vcs-L-2016.06//etc/uvm-1.2/base/uvm_base.svh'.
Parsing included file '/usr/synopsys/vcs-L-2016.06//etc/uvm-1.2/base/uvm_packer.svh'.
Back to file '/usr/synopsys/vcs-L-2016.06//etc/uvm-1.2/base/uvm_base.svh'.
Parsing included file '/usr/synopsys/vcs-L-2016.06//etc/uvm-1.2/base/uvm_links.svh'.
Back to file '/usr/synopsys/vcs-L-2016.06//etc/uvm-1.2/base/uvm_base.svh'.
Parsing included file '/usr/synopsys/vcs-L-2016.06//etc/uvm-1.2/base/uvm_tr_database.svh'.
Back to file '/usr/synopsys/vcs-L-2016.06//etc/uvm-1.2/base/uvm_base.svh'.
Parsing included file '/usr/synopsys/vcs-L-2016.06//etc/uvm-1.2/base/uvm_tr_stream.svh'.
Back to file '/usr/synopsys/vcs-L-2016.06//etc/uvm-1.2/base/uvm_base.svh'.
Parsing included file '/usr/synopsys/vcs-L-2016.06//etc/uvm-1.2/base/uvm_recorder.svh'.
Back to file '/usr/synopsys/vcs-L-2016.06//etc/uvm-1.2/base/uvm_base.svh'.
Parsing included file '/usr/synopsys/vcs-L-2016.06//etc/uvm-1.2/base/uvm_event_callback.svh'.
Back to file '/usr/synopsys/vcs-L-2016.06//etc/uvm-1.2/base/uvm_base.svh'.
Parsing included file '/usr/synopsys/vcs-L-2016.06//etc/uvm-1.2/base/uvm_event.svh'.
Back to file '/usr/synopsys/vcs-L-2016.06//etc/uvm-1.2/base/uvm_base.svh'.
Parsing included file '/usr/synopsys/vcs-L-2016.06//etc/uvm-1.2/base/uvm_barrier.svh'.
Back to file '/usr/synopsys/vcs-L-2016.06//etc/uvm-1.2/base/uvm_base.svh'.
Parsing included file '/usr/synopsys/vcs-L-2016.06//etc/uvm-1.2/base/uvm_callback.svh'.
Parsing included file '/usr/synopsys/vcs-L-2016.06//etc/uvm-1.2/uvm_macros.svh'.
Back to file '/usr/synopsys/vcs-L-2016.06//etc/uvm-1.2/base/uvm_callback.svh'.
Back to file '/usr/synopsys/vcs-L-2016.06//etc/uvm-1.2/base/uvm_base.svh'.
Parsing included file '/usr/synopsys/vcs-L-2016.06//etc/uvm-1.2/base/uvm_report_message.svh'.
Back to file '/usr/synopsys/vcs-L-2016.06//etc/uvm-1.2/base/uvm_base.svh'.
Parsing included file '/usr/synopsys/vcs-L-2016.06//etc/uvm-1.2/base/uvm_report_catcher.svh'.
Back to file '/usr/synopsys/vcs-L-2016.06//etc/uvm-1.2/base/uvm_base.svh'.
Parsing included file '/usr/synopsys/vcs-L-2016.06//etc/uvm-1.2/base/uvm_report_server.svh'.
Back to file '/usr/synopsys/vcs-L-2016.06//etc/uvm-1.2/base/uvm_base.svh'.
Parsing included file '/usr/synopsys/vcs-L-2016.06//etc/uvm-1.2/base/uvm_report_handler.svh'.
Back to file '/usr/synopsys/vcs-L-2016.06//etc/uvm-1.2/base/uvm_base.svh'.
Parsing included file '/usr/synopsys/vcs-L-2016.06//etc/uvm-1.2/base/uvm_report_object.svh'.
Back to file '/usr/synopsys/vcs-L-2016.06//etc/uvm-1.2/base/uvm_base.svh'.
Parsing included file '/usr/synopsys/vcs-L-2016.06//etc/uvm-1.2/base/uvm_transaction.svh'.
Back to file '/usr/synopsys/vcs-L-2016.06//etc/uvm-1.2/base/uvm_base.svh'.
Parsing included file '/usr/synopsys/vcs-L-2016.06//etc/uvm-1.2/base/uvm_phase.svh'.
Back to file '/usr/synopsys/vcs-L-2016.06//etc/uvm-1.2/base/uvm_base.svh'.
Parsing included file '/usr/synopsys/vcs-L-2016.06//etc/uvm-1.2/base/uvm_domain.svh'.
Back to file '/usr/synopsys/vcs-L-2016.06//etc/uvm-1.2/base/uvm_base.svh'.
Parsing included file '/usr/synopsys/vcs-L-2016.06//etc/uvm-1.2/base/uvm_bottomup_phase.svh'.
Back to file '/usr/synopsys/vcs-L-2016.06//etc/uvm-1.2/base/uvm_base.svh'.
Parsing included file '/usr/synopsys/vcs-L-2016.06//etc/uvm-1.2/base/uvm_topdown_phase.svh'.
Back to file '/usr/synopsys/vcs-L-2016.06//etc/uvm-1.2/base/uvm_base.svh'.
Parsing included file '/usr/synopsys/vcs-L-2016.06//etc/uvm-1.2/base/uvm_task_phase.svh'.
Back to file '/usr/synopsys/vcs-L-2016.06//etc/uvm-1.2/base/uvm_base.svh'.
Parsing included file '/usr/synopsys/vcs-L-2016.06//etc/uvm-1.2/base/uvm_common_phases.svh'.
Back to file '/usr/synopsys/vcs-L-2016.06//etc/uvm-1.2/base/uvm_base.svh'.
Parsing included file '/usr/synopsys/vcs-L-2016.06//etc/uvm-1.2/base/uvm_runtime_phases.svh'.
Back to file '/usr/synopsys/vcs-L-2016.06//etc/uvm-1.2/base/uvm_base.svh'.
Parsing included file '/usr/synopsys/vcs-L-2016.06//etc/uvm-1.2/base/uvm_component.svh'.
Parsing included file '/usr/synopsys/vcs-L-2016.06//etc/uvm-1.2/base/uvm_root.svh'.
Back to file '/usr/synopsys/vcs-L-2016.06//etc/uvm-1.2/base/uvm_component.svh'.
Back to file '/usr/synopsys/vcs-L-2016.06//etc/uvm-1.2/base/uvm_base.svh'.
Parsing included file '/usr/synopsys/vcs-L-2016.06//etc/uvm-1.2/base/uvm_objection.svh'.
Back to file '/usr/synopsys/vcs-L-2016.06//etc/uvm-1.2/base/uvm_base.svh'.
Parsing included file '/usr/synopsys/vcs-L-2016.06//etc/uvm-1.2/base/uvm_heartbeat.svh'.
Back to file '/usr/synopsys/vcs-L-2016.06//etc/uvm-1.2/base/uvm_base.svh'.
Parsing included file '/usr/synopsys/vcs-L-2016.06//etc/uvm-1.2/base/uvm_globals.svh'.
Back to file '/usr/synopsys/vcs-L-2016.06//etc/uvm-1.2/base/uvm_base.svh'.
Parsing included file '/usr/synopsys/vcs-L-2016.06//etc/uvm-1.2/base/uvm_cmdline_processor.svh'.
Back to file '/usr/synopsys/vcs-L-2016.06//etc/uvm-1.2/base/uvm_base.svh'.
Parsing included file '/usr/synopsys/vcs-L-2016.06//etc/uvm-1.2/base/uvm_traversal.svh'.
Back to file '/usr/synopsys/vcs-L-2016.06//etc/uvm-1.2/base/uvm_base.svh'.
Back to file '/usr/synopsys/vcs-L-2016.06//etc/uvm-1.2/uvm_pkg.sv'.
Parsing included file '/usr/synopsys/vcs-L-2016.06//etc/uvm-1.2/dap/uvm_dap.svh'.
Parsing included file '/usr/synopsys/vcs-L-2016.06//etc/uvm-1.2/dap/uvm_set_get_dap_base.svh'.
Back to file '/usr/synopsys/vcs-L-2016.06//etc/uvm-1.2/dap/uvm_dap.svh'.
Parsing included file '/usr/synopsys/vcs-L-2016.06//etc/uvm-1.2/dap/uvm_simple_lock_dap.svh'.
Back to file '/usr/synopsys/vcs-L-2016.06//etc/uvm-1.2/dap/uvm_dap.svh'.
Parsing included file '/usr/synopsys/vcs-L-2016.06//etc/uvm-1.2/dap/uvm_get_to_lock_dap.svh'.
Back to file '/usr/synopsys/vcs-L-2016.06//etc/uvm-1.2/dap/uvm_dap.svh'.
Parsing included file '/usr/synopsys/vcs-L-2016.06//etc/uvm-1.2/dap/uvm_set_before_get_dap.svh'.
Back to file '/usr/synopsys/vcs-L-2016.06//etc/uvm-1.2/dap/uvm_dap.svh'.
Back to file '/usr/synopsys/vcs-L-2016.06//etc/uvm-1.2/uvm_pkg.sv'.
Parsing included file '/usr/synopsys/vcs-L-2016.06//etc/uvm-1.2/tlm1/uvm_tlm.svh'.
Parsing included file '/usr/synopsys/vcs-L-2016.06//etc/uvm-1.2/tlm1/uvm_tlm_ifs.svh'.
Back to file '/usr/synopsys/vcs-L-2016.06//etc/uvm-1.2/tlm1/uvm_tlm.svh'.
Parsing included file '/usr/synopsys/vcs-L-2016.06//etc/uvm-1.2/tlm1/uvm_sqr_ifs.svh'.
Back to file '/usr/synopsys/vcs-L-2016.06//etc/uvm-1.2/tlm1/uvm_tlm.svh'.
Parsing included file '/usr/synopsys/vcs-L-2016.06//etc/uvm-1.2/base/uvm_port_base.svh'.
Back to file '/usr/synopsys/vcs-L-2016.06//etc/uvm-1.2/tlm1/uvm_tlm.svh'.
Parsing included file '/usr/synopsys/vcs-L-2016.06//etc/uvm-1.2/tlm1/uvm_tlm_imps.svh'.
Back to file '/usr/synopsys/vcs-L-2016.06//etc/uvm-1.2/tlm1/uvm_tlm.svh'.
Parsing included file '/usr/synopsys/vcs-L-2016.06//etc/uvm-1.2/tlm1/uvm_imps.svh'.
Back to file '/usr/synopsys/vcs-L-2016.06//etc/uvm-1.2/tlm1/uvm_tlm.svh'.
Parsing included file '/usr/synopsys/vcs-L-2016.06//etc/uvm-1.2/tlm1/uvm_ports.svh'.
Back to file '/usr/synopsys/vcs-L-2016.06//etc/uvm-1.2/tlm1/uvm_tlm.svh'.
Parsing included file '/usr/synopsys/vcs-L-2016.06//etc/uvm-1.2/tlm1/uvm_exports.svh'.
Back to file '/usr/synopsys/vcs-L-2016.06//etc/uvm-1.2/tlm1/uvm_tlm.svh'.
Parsing included file '/usr/synopsys/vcs-L-2016.06//etc/uvm-1.2/tlm1/uvm_analysis_port.svh'.
Back to file '/usr/synopsys/vcs-L-2016.06//etc/uvm-1.2/tlm1/uvm_tlm.svh'.
Parsing included file '/usr/synopsys/vcs-L-2016.06//etc/uvm-1.2/tlm1/uvm_tlm_fifo_base.svh'.
Back to file '/usr/synopsys/vcs-L-2016.06//etc/uvm-1.2/tlm1/uvm_tlm.svh'.
Parsing included file '/usr/synopsys/vcs-L-2016.06//etc/uvm-1.2/tlm1/uvm_tlm_fifos.svh'.
Back to file '/usr/synopsys/vcs-L-2016.06//etc/uvm-1.2/tlm1/uvm_tlm.svh'.
Parsing included file '/usr/synopsys/vcs-L-2016.06//etc/uvm-1.2/tlm1/uvm_tlm_req_rsp.svh'.
Back to file '/usr/synopsys/vcs-L-2016.06//etc/uvm-1.2/tlm1/uvm_tlm.svh'.
Parsing included file '/usr/synopsys/vcs-L-2016.06//etc/uvm-1.2/tlm1/uvm_sqr_connections.svh'.
Back to file '/usr/synopsys/vcs-L-2016.06//etc/uvm-1.2/tlm1/uvm_tlm.svh'.
Back to file '/usr/synopsys/vcs-L-2016.06//etc/uvm-1.2/uvm_pkg.sv'.
Parsing included file '/usr/synopsys/vcs-L-2016.06//etc/uvm-1.2/comps/uvm_comps.svh'.
Parsing included file '/usr/synopsys/vcs-L-2016.06//etc/uvm-1.2/comps/uvm_pair.svh'.
Back to file '/usr/synopsys/vcs-L-2016.06//etc/uvm-1.2/comps/uvm_comps.svh'.
Parsing included file '/usr/synopsys/vcs-L-2016.06//etc/uvm-1.2/comps/uvm_policies.svh'.
Back to file '/usr/synopsys/vcs-L-2016.06//etc/uvm-1.2/comps/uvm_comps.svh'.
Parsing included file '/usr/synopsys/vcs-L-2016.06//etc/uvm-1.2/comps/uvm_in_order_comparator.svh'.
Back to file '/usr/synopsys/vcs-L-2016.06//etc/uvm-1.2/comps/uvm_comps.svh'.
Parsing included file '/usr/synopsys/vcs-L-2016.06//etc/uvm-1.2/comps/uvm_algorithmic_comparator.svh'.
Back to file '/usr/synopsys/vcs-L-2016.06//etc/uvm-1.2/comps/uvm_comps.svh'.
Parsing included file '/usr/synopsys/vcs-L-2016.06//etc/uvm-1.2/comps/uvm_random_stimulus.svh'.
Back to file '/usr/synopsys/vcs-L-2016.06//etc/uvm-1.2/comps/uvm_comps.svh'.
Parsing included file '/usr/synopsys/vcs-L-2016.06//etc/uvm-1.2/comps/uvm_subscriber.svh'.
Back to file '/usr/synopsys/vcs-L-2016.06//etc/uvm-1.2/comps/uvm_comps.svh'.
Parsing included file '/usr/synopsys/vcs-L-2016.06//etc/uvm-1.2/comps/uvm_monitor.svh'.
Back to file '/usr/synopsys/vcs-L-2016.06//etc/uvm-1.2/comps/uvm_comps.svh'.
Parsing included file '/usr/synopsys/vcs-L-2016.06//etc/uvm-1.2/comps/uvm_driver.svh'.
Back to file '/usr/synopsys/vcs-L-2016.06//etc/uvm-1.2/comps/uvm_comps.svh'.
Parsing included file '/usr/synopsys/vcs-L-2016.06//etc/uvm-1.2/comps/uvm_push_driver.svh'.
Back to file '/usr/synopsys/vcs-L-2016.06//etc/uvm-1.2/comps/uvm_comps.svh'.
Parsing included file '/usr/synopsys/vcs-L-2016.06//etc/uvm-1.2/comps/uvm_scoreboard.svh'.
Back to file '/usr/synopsys/vcs-L-2016.06//etc/uvm-1.2/comps/uvm_comps.svh'.
Parsing included file '/usr/synopsys/vcs-L-2016.06//etc/uvm-1.2/comps/uvm_agent.svh'.
Back to file '/usr/synopsys/vcs-L-2016.06//etc/uvm-1.2/comps/uvm_comps.svh'.
Parsing included file '/usr/synopsys/vcs-L-2016.06//etc/uvm-1.2/comps/uvm_env.svh'.
Back to file '/usr/synopsys/vcs-L-2016.06//etc/uvm-1.2/comps/uvm_comps.svh'.
Parsing included file '/usr/synopsys/vcs-L-2016.06//etc/uvm-1.2/comps/uvm_test.svh'.
Back to file '/usr/synopsys/vcs-L-2016.06//etc/uvm-1.2/comps/uvm_comps.svh'.
Back to file '/usr/synopsys/vcs-L-2016.06//etc/uvm-1.2/uvm_pkg.sv'.
Parsing included file '/usr/synopsys/vcs-L-2016.06//etc/uvm-1.2/seq/uvm_seq.svh'.
Parsing included file '/usr/synopsys/vcs-L-2016.06//etc/uvm-1.2/seq/uvm_sequence_item.svh'.
Back to file '/usr/synopsys/vcs-L-2016.06//etc/uvm-1.2/seq/uvm_seq.svh'.
Parsing included file '/usr/synopsys/vcs-L-2016.06//etc/uvm-1.2/seq/uvm_sequencer_base.svh'.
Back to file '/usr/synopsys/vcs-L-2016.06//etc/uvm-1.2/seq/uvm_seq.svh'.
Parsing included file '/usr/synopsys/vcs-L-2016.06//etc/uvm-1.2/seq/uvm_sequencer_analysis_fifo.svh'.
Back to file '/usr/synopsys/vcs-L-2016.06//etc/uvm-1.2/seq/uvm_seq.svh'.
Parsing included file '/usr/synopsys/vcs-L-2016.06//etc/uvm-1.2/seq/uvm_sequencer_param_base.svh'.
Back to file '/usr/synopsys/vcs-L-2016.06//etc/uvm-1.2/seq/uvm_seq.svh'.
Parsing included file '/usr/synopsys/vcs-L-2016.06//etc/uvm-1.2/seq/uvm_sequencer.svh'.
Back to file '/usr/synopsys/vcs-L-2016.06//etc/uvm-1.2/seq/uvm_seq.svh'.
Parsing included file '/usr/synopsys/vcs-L-2016.06//etc/uvm-1.2/seq/uvm_push_sequencer.svh'.
Back to file '/usr/synopsys/vcs-L-2016.06//etc/uvm-1.2/seq/uvm_seq.svh'.
Parsing included file '/usr/synopsys/vcs-L-2016.06//etc/uvm-1.2/seq/uvm_sequence_base.svh'.
Back to file '/usr/synopsys/vcs-L-2016.06//etc/uvm-1.2/seq/uvm_seq.svh'.
Parsing included file '/usr/synopsys/vcs-L-2016.06//etc/uvm-1.2/seq/uvm_sequence.svh'.
Back to file '/usr/synopsys/vcs-L-2016.06//etc/uvm-1.2/seq/uvm_seq.svh'.
Parsing included file '/usr/synopsys/vcs-L-2016.06//etc/uvm-1.2/seq/uvm_sequence_library.svh'.
Back to file '/usr/synopsys/vcs-L-2016.06//etc/uvm-1.2/seq/uvm_seq.svh'.
Parsing included file '/usr/synopsys/vcs-L-2016.06//etc/uvm-1.2/seq/uvm_sequence_builtin.svh'.
Back to file '/usr/synopsys/vcs-L-2016.06//etc/uvm-1.2/seq/uvm_seq.svh'.
Back to file '/usr/synopsys/vcs-L-2016.06//etc/uvm-1.2/uvm_pkg.sv'.
Parsing included file '/usr/synopsys/vcs-L-2016.06//etc/uvm-1.2/tlm2/uvm_tlm2.svh'.
Parsing included file '/usr/synopsys/vcs-L-2016.06//etc/uvm-1.2/tlm2/uvm_tlm2_defines.svh'.
Back to file '/usr/synopsys/vcs-L-2016.06//etc/uvm-1.2/tlm2/uvm_tlm2.svh'.
Parsing included file '/usr/synopsys/vcs-L-2016.06//etc/uvm-1.2/tlm2/uvm_tlm2_time.svh'.
Back to file '/usr/synopsys/vcs-L-2016.06//etc/uvm-1.2/tlm2/uvm_tlm2.svh'.
Parsing included file '/usr/synopsys/vcs-L-2016.06//etc/uvm-1.2/tlm2/uvm_tlm2_generic_payload.svh'.
Back to file '/usr/synopsys/vcs-L-2016.06//etc/uvm-1.2/tlm2/uvm_tlm2.svh'.
Parsing included file '/usr/synopsys/vcs-L-2016.06//etc/uvm-1.2/tlm2/uvm_tlm2_ifs.svh'.
Back to file '/usr/synopsys/vcs-L-2016.06//etc/uvm-1.2/tlm2/uvm_tlm2.svh'.
Parsing included file '/usr/synopsys/vcs-L-2016.06//etc/uvm-1.2/tlm2/uvm_tlm2_imps.svh'.
Back to file '/usr/synopsys/vcs-L-2016.06//etc/uvm-1.2/tlm2/uvm_tlm2.svh'.
Parsing included file '/usr/synopsys/vcs-L-2016.06//etc/uvm-1.2/tlm2/uvm_tlm2_ports.svh'.
Back to file '/usr/synopsys/vcs-L-2016.06//etc/uvm-1.2/tlm2/uvm_tlm2.svh'.
Parsing included file '/usr/synopsys/vcs-L-2016.06//etc/uvm-1.2/tlm2/uvm_tlm2_exports.svh'.
Back to file '/usr/synopsys/vcs-L-2016.06//etc/uvm-1.2/tlm2/uvm_tlm2.svh'.
Parsing included file '/usr/synopsys/vcs-L-2016.06//etc/uvm-1.2/tlm2/uvm_tlm2_sockets_base.svh'.
Back to file '/usr/synopsys/vcs-L-2016.06//etc/uvm-1.2/tlm2/uvm_tlm2.svh'.
Parsing included file '/usr/synopsys/vcs-L-2016.06//etc/uvm-1.2/tlm2/uvm_tlm2_sockets.svh'.
Back to file '/usr/synopsys/vcs-L-2016.06//etc/uvm-1.2/tlm2/uvm_tlm2.svh'.
Back to file '/usr/synopsys/vcs-L-2016.06//etc/uvm-1.2/uvm_pkg.sv'.
Parsing included file '/usr/synopsys/vcs-L-2016.06//etc/uvm-1.2/reg/uvm_reg_model.svh'.
Parsing included file '/usr/synopsys/vcs-L-2016.06//etc/uvm-1.2/reg/uvm_reg_item.svh'.
Back to file '/usr/synopsys/vcs-L-2016.06//etc/uvm-1.2/reg/uvm_reg_model.svh'.
Parsing included file '/usr/synopsys/vcs-L-2016.06//etc/uvm-1.2/reg/uvm_reg_adapter.svh'.
Back to file '/usr/synopsys/vcs-L-2016.06//etc/uvm-1.2/reg/uvm_reg_model.svh'.
Parsing included file '/usr/synopsys/vcs-L-2016.06//etc/uvm-1.2/reg/uvm_reg_predictor.svh'.
Back to file '/usr/synopsys/vcs-L-2016.06//etc/uvm-1.2/reg/uvm_reg_model.svh'.
Parsing included file '/usr/synopsys/vcs-L-2016.06//etc/uvm-1.2/reg/uvm_reg_sequence.svh'.
Back to file '/usr/synopsys/vcs-L-2016.06//etc/uvm-1.2/reg/uvm_reg_model.svh'.
Parsing included file '/usr/synopsys/vcs-L-2016.06//etc/uvm-1.2/reg/uvm_reg_cbs.svh'.
Back to file '/usr/synopsys/vcs-L-2016.06//etc/uvm-1.2/reg/uvm_reg_model.svh'.
Parsing included file '/usr/synopsys/vcs-L-2016.06//etc/uvm-1.2/reg/uvm_reg_backdoor.svh'.
Back to file '/usr/synopsys/vcs-L-2016.06//etc/uvm-1.2/reg/uvm_reg_model.svh'.
Parsing included file '/usr/synopsys/vcs-L-2016.06//etc/uvm-1.2/reg/uvm_reg_field.svh'.
Back to file '/usr/synopsys/vcs-L-2016.06//etc/uvm-1.2/reg/uvm_reg_model.svh'.
Parsing included file '/usr/synopsys/vcs-L-2016.06//etc/uvm-1.2/reg/uvm_vreg_field.svh'.
Back to file '/usr/synopsys/vcs-L-2016.06//etc/uvm-1.2/reg/uvm_reg_model.svh'.
Parsing included file '/usr/synopsys/vcs-L-2016.06//etc/uvm-1.2/reg/uvm_reg.svh'.
Back to file '/usr/synopsys/vcs-L-2016.06//etc/uvm-1.2/reg/uvm_reg_model.svh'.
Parsing included file '/usr/synopsys/vcs-L-2016.06//etc/uvm-1.2/reg/uvm_reg_indirect.svh'.
Back to file '/usr/synopsys/vcs-L-2016.06//etc/uvm-1.2/reg/uvm_reg_model.svh'.
Parsing included file '/usr/synopsys/vcs-L-2016.06//etc/uvm-1.2/reg/uvm_reg_fifo.svh'.
Back to file '/usr/synopsys/vcs-L-2016.06//etc/uvm-1.2/reg/uvm_reg_model.svh'.
Parsing included file '/usr/synopsys/vcs-L-2016.06//etc/uvm-1.2/reg/uvm_reg_file.svh'.
Back to file '/usr/synopsys/vcs-L-2016.06//etc/uvm-1.2/reg/uvm_reg_model.svh'.
Parsing included file '/usr/synopsys/vcs-L-2016.06//etc/uvm-1.2/reg/uvm_mem_mam.svh'.
Back to file '/usr/synopsys/vcs-L-2016.06//etc/uvm-1.2/reg/uvm_reg_model.svh'.
Parsing included file '/usr/synopsys/vcs-L-2016.06//etc/uvm-1.2/reg/uvm_vreg.svh'.
Back to file '/usr/synopsys/vcs-L-2016.06//etc/uvm-1.2/reg/uvm_reg_model.svh'.
Parsing included file '/usr/synopsys/vcs-L-2016.06//etc/uvm-1.2/reg/uvm_mem.svh'.
Back to file '/usr/synopsys/vcs-L-2016.06//etc/uvm-1.2/reg/uvm_reg_model.svh'.
Parsing included file '/usr/synopsys/vcs-L-2016.06//etc/uvm-1.2/reg/uvm_reg_map.svh'.
Back to file '/usr/synopsys/vcs-L-2016.06//etc/uvm-1.2/reg/uvm_reg_model.svh'.
Parsing included file '/usr/synopsys/vcs-L-2016.06//etc/uvm-1.2/reg/uvm_reg_block.svh'.
Back to file '/usr/synopsys/vcs-L-2016.06//etc/uvm-1.2/reg/uvm_reg_model.svh'.
Parsing included file '/usr/synopsys/vcs-L-2016.06//etc/uvm-1.2/reg/sequences/uvm_reg_hw_reset_seq.svh'.
Back to file '/usr/synopsys/vcs-L-2016.06//etc/uvm-1.2/reg/uvm_reg_model.svh'.
Parsing included file '/usr/synopsys/vcs-L-2016.06//etc/uvm-1.2/reg/sequences/uvm_reg_bit_bash_seq.svh'.
Back to file '/usr/synopsys/vcs-L-2016.06//etc/uvm-1.2/reg/uvm_reg_model.svh'.
Parsing included file '/usr/synopsys/vcs-L-2016.06//etc/uvm-1.2/reg/sequences/uvm_mem_walk_seq.svh'.
Back to file '/usr/synopsys/vcs-L-2016.06//etc/uvm-1.2/reg/uvm_reg_model.svh'.
Parsing included file '/usr/synopsys/vcs-L-2016.06//etc/uvm-1.2/reg/sequences/uvm_mem_access_seq.svh'.
Back to file '/usr/synopsys/vcs-L-2016.06//etc/uvm-1.2/reg/uvm_reg_model.svh'.
Parsing included file '/usr/synopsys/vcs-L-2016.06//etc/uvm-1.2/reg/sequences/uvm_reg_access_seq.svh'.
Back to file '/usr/synopsys/vcs-L-2016.06//etc/uvm-1.2/reg/uvm_reg_model.svh'.
Parsing included file '/usr/synopsys/vcs-L-2016.06//etc/uvm-1.2/reg/sequences/uvm_reg_mem_shared_access_seq.svh'.
Back to file '/usr/synopsys/vcs-L-2016.06//etc/uvm-1.2/reg/uvm_reg_model.svh'.
Parsing included file '/usr/synopsys/vcs-L-2016.06//etc/uvm-1.2/reg/sequences/uvm_reg_mem_built_in_seq.svh'.
Back to file '/usr/synopsys/vcs-L-2016.06//etc/uvm-1.2/reg/uvm_reg_model.svh'.
Parsing included file '/usr/synopsys/vcs-L-2016.06//etc/uvm-1.2/reg/sequences/uvm_reg_mem_hdl_paths_seq.svh'.
Back to file '/usr/synopsys/vcs-L-2016.06//etc/uvm-1.2/reg/uvm_reg_model.svh'.
Parsing included file '/usr/synopsys/vcs-L-2016.06//etc/uvm-1.2/reg/snps_uvm_reg_bank.svh'.
Back to file '/usr/synopsys/vcs-L-2016.06//etc/uvm-1.2/reg/uvm_reg_model.svh'.
Back to file '/usr/synopsys/vcs-L-2016.06//etc/uvm-1.2/uvm_pkg.sv'.
Parsing design file '/usr/synopsys/vcs-L-2016.06//etc/uvm-1.2/vcs/uvm_custom_install_vcs_recorder.sv'
Parsing included file '/usr/synopsys/vcs-L-2016.06//etc/uvm-1.2/vcs/msglog.svh'.
Back to file '/usr/synopsys/vcs-L-2016.06//etc/uvm-1.2/vcs/uvm_custom_install_vcs_recorder.sv'.
Parsing included file '/usr/synopsys/vcs-L-2016.06//etc/uvm-1.2/vcs/uvm_msglog_report_server.sv'.
Back to file '/usr/synopsys/vcs-L-2016.06//etc/uvm-1.2/vcs/uvm_custom_install_vcs_recorder.sv'.
Parsing included file '/usr/synopsys/vcs-L-2016.06//etc/uvm-1.2/vcs/uvm_vcs_recorder.svh'.
Parsing included file '/usr/synopsys/vcs-L-2016.06//etc/uvm-1.2/vcs/uvm_vcs_tr_database.svh'.
Parsing included file '/usr/synopsys/vcs-L-2016.06//etc/uvm-1.2/vcs/uvm_vcs_tr_stream.svh'.
Back to file '/usr/synopsys/vcs-L-2016.06//etc/uvm-1.2/vcs/uvm_vcs_tr_database.svh'.
Back to file '/usr/synopsys/vcs-L-2016.06//etc/uvm-1.2/vcs/uvm_vcs_recorder.svh'.
Back to file '/usr/synopsys/vcs-L-2016.06//etc/uvm-1.2/vcs/uvm_custom_install_vcs_recorder.sv'.
Parsing included file '/usr/synopsys/vcs-L-2016.06//etc/uvm-1.2/vcs/uvm_vcs_record_interface.sv'.
Parsing included file '/usr/synopsys/vcs-L-2016.06//etc/uvm-1.2/macros/uvm_global_defines.svh'.
Back to file '/usr/synopsys/vcs-L-2016.06//etc/uvm-1.2/vcs/uvm_vcs_record_interface.sv'.
Back to file '/usr/synopsys/vcs-L-2016.06//etc/uvm-1.2/vcs/uvm_custom_install_vcs_recorder.sv'.
Parsing design file 'verif/clk_if.sv'
Parsing design file 'verif/clk_rst_if.sv'
Parsing included file 'verif/dv_macros.svh'.
Back to file 'verif/clk_rst_if.sv'.
Parsing included file '/usr/synopsys/vcs-L-2016.06//etc/uvm-1.2/uvm_macros.svh'.
Back to file 'verif/clk_rst_if.sv'.
Parsing design file 'verif/clock.sv'

Warning-[IPDASP] Identifier in ANSI port declaration
verif/clock.sv, 2
  Redeclaration of ANSI ports not allowed for 'clk', this will be an error in 
  a future release


Warning-[IPDASP] Identifier in ANSI port declaration
verif/clock.sv, 3
  Redeclaration of ANSI ports not allowed for 'rst_n', this will be an error 
  in a future release

Parsing design file 'verif/bus_params_pkg.sv'
Parsing design file 'verif/mem_model_pkg.sv'
Parsing included file '/usr/synopsys/vcs-L-2016.06//etc/uvm-1.2/uvm_macros.svh'.
Back to file 'verif/mem_model_pkg.sv'.
Parsing included file 'verif/mem_model.sv'.
Back to file 'verif/mem_model_pkg.sv'.
Parsing design file 'verif/riscv_signature_pkg.sv'
Parsing design file 'ibex_test_instr_mem_intf.sv'
Parsing included file '/usr/synopsys/vcs-L-2016.06//etc/uvm-1.2/uvm_macros.svh'.
Back to file 'ibex_test_instr_mem_intf.sv'.
Parsing design file 'ibex_test_data_mem_intf.sv'
Parsing design file 'ibex_test_intf_agents_pkg.sv'
Parsing included file '/usr/synopsys/vcs-L-2016.06//etc/uvm-1.2/uvm_macros.svh'.
Back to file 'ibex_test_intf_agents_pkg.sv'.
Parsing included file 'verif/mem_model.sv'.
Back to file 'ibex_test_intf_agents_pkg.sv'.
Parsing included file 'fetch_agent/ibex_test_fetch_seq_item.sv'.
Back to file 'ibex_test_intf_agents_pkg.sv'.
Parsing included file 'fetch_agent/ibex_test_fetch_monitor.sv'.
Back to file 'ibex_test_intf_agents_pkg.sv'.
Parsing included file 'fetch_agent/ibex_test_fetch_driver.sv'.
Back to file 'ibex_test_intf_agents_pkg.sv'.
Parsing included file 'fetch_agent/ibex_test_fetch_sequencer.sv'.
Back to file 'ibex_test_intf_agents_pkg.sv'.
Parsing included file 'fetch_agent/ibex_test_fetch_sequence.sv'.
Back to file 'ibex_test_intf_agents_pkg.sv'.
Parsing included file 'fetch_agent/ibex_test_fetch_agent.sv'.
Back to file 'ibex_test_intf_agents_pkg.sv'.
Parsing design file 'rtl/ibex_top_tracing.sv'
Parsing included file 'ibex_pkg.sv'.
Back to file 'rtl/ibex_top_tracing.sv'.
Parsing included file 'ibex_alu.sv'.
Back to file 'rtl/ibex_top_tracing.sv'.
Parsing included file 'ibex_compressed_decoder.sv'.
Parsing included file 'prim_assert.sv'.
Parsing included file 'prim_assert_standard_macros.svh'.
Back to file 'prim_assert.sv'.
Back to file 'ibex_compressed_decoder.sv'.
Back to file 'rtl/ibex_top_tracing.sv'.
Parsing included file 'ibex_controller.sv'.
Parsing included file 'prim_assert.sv'.
Back to file 'ibex_controller.sv'.
Parsing included file 'dv_fcov_macros.svh'.
Back to file 'ibex_controller.sv'.
Back to file 'rtl/ibex_top_tracing.sv'.
Parsing included file 'ibex_counter.sv'.
Back to file 'rtl/ibex_top_tracing.sv'.
Parsing included file 'ibex_cs_registers.sv'.
Parsing included file 'prim_assert.sv'.
Back to file 'ibex_cs_registers.sv'.
Back to file 'rtl/ibex_top_tracing.sv'.
Parsing included file 'ibex_csr.sv'.
Parsing included file 'prim_assert.sv'.
Back to file 'ibex_csr.sv'.
Back to file 'rtl/ibex_top_tracing.sv'.
Parsing included file 'ibex_decoder.sv'.
Parsing included file 'prim_assert.sv'.
Back to file 'ibex_decoder.sv'.
Back to file 'rtl/ibex_top_tracing.sv'.
Parsing included file 'ibex_ex_block.sv'.
Back to file 'rtl/ibex_top_tracing.sv'.
Parsing included file 'ibex_id_stage.sv'.
Parsing included file 'prim_assert.sv'.
Back to file 'ibex_id_stage.sv'.
Parsing included file 'dv_fcov_macros.svh'.
Back to file 'ibex_id_stage.sv'.
Back to file 'rtl/ibex_top_tracing.sv'.
Parsing included file 'ibex_if_stage.sv'.
Parsing included file 'prim_assert.sv'.
Back to file 'ibex_if_stage.sv'.
Back to file 'rtl/ibex_top_tracing.sv'.
Parsing included file 'ibex_load_store_unit.sv'.
Parsing included file 'prim_assert.sv'.
Back to file 'ibex_load_store_unit.sv'.
Parsing included file 'dv_fcov_macros.svh'.
Back to file 'ibex_load_store_unit.sv'.
Back to file 'rtl/ibex_top_tracing.sv'.
Parsing included file 'ibex_multdiv_slow.sv'.
Parsing included file 'prim_assert.sv'.
Back to file 'ibex_multdiv_slow.sv'.
Back to file 'rtl/ibex_top_tracing.sv'.
Parsing included file 'ibex_multdiv_fast.sv'.
Parsing included file 'prim_assert.sv'.
Back to file 'ibex_multdiv_fast.sv'.
Back to file 'rtl/ibex_top_tracing.sv'.
Parsing included file 'ibex_prefetch_buffer.sv'.
Back to file 'rtl/ibex_top_tracing.sv'.
Parsing included file 'ibex_fetch_fifo.sv'.
Parsing included file 'prim_assert.sv'.
Back to file 'ibex_fetch_fifo.sv'.
Back to file 'rtl/ibex_top_tracing.sv'.
Parsing included file 'ibex_register_file_ff.sv'.
Back to file 'rtl/ibex_top_tracing.sv'.
Parsing included file 'ibex_wb_stage.sv'.
Parsing included file 'prim_assert.sv'.
Back to file 'ibex_wb_stage.sv'.
Parsing included file 'dv_fcov_macros.svh'.
Back to file 'ibex_wb_stage.sv'.
Back to file 'rtl/ibex_top_tracing.sv'.
Parsing included file 'ibex_core.sv'.
Parsing included file 'prim_assert.sv'.
Back to file 'ibex_core.sv'.
Back to file 'rtl/ibex_top_tracing.sv'.
Parsing included file 'prim_ram_1p_pkg.sv'.
Back to file 'rtl/ibex_top_tracing.sv'.
Parsing included file 'ibex_top.sv'.
Parsing included file 'prim_assert.sv'.
Back to file 'ibex_top.sv'.
Parsing included file 'prim_clock_gating.sv'.
Parsing included file 'prim_pkg.sv'.
Back to file 'prim_clock_gating.sv'.
Parsing included file 'prim_generic_clock_gating.sv'.
Back to file 'prim_clock_gating.sv'.
Back to file 'ibex_top.sv'.
Back to file 'rtl/ibex_top_tracing.sv'.
Parsing included file 'ibex_tracer.sv'.
Parsing included file 'ibex_tracer_pkg.sv'.
Back to file 'ibex_tracer.sv'.
Back to file 'rtl/ibex_top_tracing.sv'.
Parsing design file 'ibex_test_testbench.sv'
Parsing included file 'ibex_test_environment.sv'.
Back to file 'ibex_test_testbench.sv'.
Parsing included file 'ibex_test_test_lib.sv'.
Back to file 'ibex_test_testbench.sv'.
Top Level Modules:
       uvm_custom_install_recording
       clock
       ibex_test_testbench

Warning-[PCSRMIO] Class scope used outside of class
fetch_agent/ibex_test_fetch_sequence.sv, 26
"mem_model::type_id::create"
  An unspecialized class scope '::' reference was seen. This refers to the 
  generic class, and may only be used inside the class 'mem_model'. To access 
  a static member of the default specialization outside the class 'mem_model',
  use 'mem_model#()::<staticMemember>' instead. This will be an error in a 
  future release.


Warning-[PCSRMIO] Class scope used outside of class
ibex_test_test_lib.sv, 24
"mem_model::type_id::create"
  An unspecialized class scope '::' reference was seen. This refers to the 
  generic class, and may only be used inside the class 'mem_model'. To access 
  a static member of the default specialization outside the class 'mem_model',
  use 'mem_model#()::<staticMemember>' instead. This will be an error in a 
  future release.


Warning-[UII-L] Interface not instantiated
verif/clk_if.sv, 11
  Interface 'clk_if' defined in logic library 'work' is never instantiated in 
  design. It will be ignored.


Warning-[UII-L] Interface not instantiated
verif/clk_rst_if.sv, 15
  Interface 'clk_rst_if' defined in logic library 'work' is never instantiated
  in design. It will be ignored.

No TimeScale specified

Error-[XMRE] Cross-module reference resolution error
fetch_agent/ibex_test_fetch_monitor.sv, 38
  Error found while trying to resolve cross-module reference.
  token 'addr_ph_port'.  Originating package 'ibex_test_intf_agents_pkg'.
  Source info: addr_ph_port.write(this.pkt);
  


Error-[MFNF] Member not found
fetch_agent/ibex_test_fetch_sequence.sv, 46
"this.p_sequencer."
  Could not find member 'addr_ph_port' in class 'ibex_test_fetch_sequencer', 
  at "fetch_agent/ibex_test_fetch_sequencer.sv", 1.
  Instance stack trace:
      ibex_test_intf_agents_pkg  ibex_test_intf_agents_pkg.sv, 1
  

6 warnings
2 errors
CPU time: 1.182 seconds to compile
makefile:2: recipe for target 'run' failed
