Loading db file '/usr/synopsys/vcs-L-2016.06/gui/dve/libraries/syn/generic.sdb'
Chronologic VCS simulator copyright 1991-2016
Contains Synopsys proprietary information.
Compiler version L-2016.06_Full64; Runtime version L-2016.06_Full64;  May 26 15:47 2022
UVM_INFO /usr/synopsys/vcs-L-2016.06//etc/uvm-1.2/base/uvm_root.svh(402) @ 0: reporter [UVM/RELNOTES] 
----------------------------------------------------------------
UVM-1.2.Synopsys
(C) 2007-2014 Mentor Graphics Corporation
(C) 2007-2014 Cadence Design Systems, Inc.
(C) 2006-2014 Synopsys, Inc.
(C) 2011-2013 Cypress Semiconductor Corp.
(C) 2013-2014 NVIDIA Corporation
----------------------------------------------------------------

  ***********       IMPORTANT RELEASE NOTES         ************

  You are using a version of the UVM library that has been compiled
  with `UVM_NO_DEPRECATED undefined.
  See http://www.eda.org/svdb/view.php?id=3313 for more details.

  You are using a version of the UVM library that has been compiled
  with `UVM_OBJECT_DO_NOT_NEED_CONSTRUCTOR undefined.
  See http://www.eda.org/svdb/view.php?id=3770 for more details.

      (Specify +UVM_NO_RELNOTES to turn off this notice)

VCD+ Writer L-2016.06_Full64 Copyright (c) 1991-2016 by Synopsys Inc.
The design has assertions or cover properties.
The assertion browser can be used to view them. Click on the assertion toolbar button or use the menu 'Window->Panes->Assertion' to open it.
The file '/root/Downloads/part-i/inter.vpd' was opened successfully.
some tag here
UVM_INFO ibex_test_test_lib.sv(16) @ 0: uvm_test_top [ibex_test_base_test] new()
UVM_INFO @ 0: reporter [RNTST] Running test ibex_test_base_test...
UVM_INFO ibex_test_test_lib.sv(23) @ 0: uvm_test_top [ibex_test_base_test] build_phase()
UVM_INFO verif/mem_model.sv(45) @ 0: reporter [<unknown>] Write Mem : Addr[0x28], Data[0xaf]
UVM_INFO verif/mem_model.sv(45) @ 0: reporter [<unknown>] Write Mem : Addr[0x29], Data[0xbe]
UVM_INFO verif/mem_model.sv(45) @ 0: reporter [<unknown>] Write Mem : Addr[0x2a], Data[0xad]
UVM_INFO verif/mem_model.sv(45) @ 0: reporter [<unknown>] Write Mem : Addr[0x2b], Data[0xde]
UVM_INFO verif/mem_model.sv(45) @ 0: reporter [<unknown>] Write Mem : Addr[0x80000080], Data[0x13]
UVM_INFO verif/mem_model.sv(45) @ 0: reporter [<unknown>] Write Mem : Addr[0x80000081], Data[0x5]
UVM_INFO verif/mem_model.sv(45) @ 0: reporter [<unknown>] Write Mem : Addr[0x80000082], Data[0x50]
UVM_INFO verif/mem_model.sv(45) @ 0: reporter [<unknown>] Write Mem : Addr[0x80000083], Data[0x0]
UVM_INFO verif/mem_model.sv(45) @ 0: reporter [<unknown>] Write Mem : Addr[0x80000084], Data[0x93]
UVM_INFO verif/mem_model.sv(45) @ 0: reporter [<unknown>] Write Mem : Addr[0x80000085], Data[0x5]
UVM_INFO verif/mem_model.sv(45) @ 0: reporter [<unknown>] Write Mem : Addr[0x80000086], Data[0x10]
UVM_INFO verif/mem_model.sv(45) @ 0: reporter [<unknown>] Write Mem : Addr[0x80000087], Data[0x0]
UVM_INFO verif/mem_model.sv(45) @ 0: reporter [<unknown>] Write Mem : Addr[0x80000088], Data[0x13]
UVM_INFO verif/mem_model.sv(45) @ 0: reporter [<unknown>] Write Mem : Addr[0x80000089], Data[0x6]
UVM_INFO verif/mem_model.sv(45) @ 0: reporter [<unknown>] Write Mem : Addr[0x8000008a], Data[0x20]
UVM_INFO verif/mem_model.sv(45) @ 0: reporter [<unknown>] Write Mem : Addr[0x8000008b], Data[0x0]
UVM_INFO verif/mem_model.sv(45) @ 0: reporter [<unknown>] Write Mem : Addr[0x8000008c], Data[0x93]
UVM_INFO verif/mem_model.sv(45) @ 0: reporter [<unknown>] Write Mem : Addr[0x8000008d], Data[0x6]
UVM_INFO verif/mem_model.sv(45) @ 0: reporter [<unknown>] Write Mem : Addr[0x8000008e], Data[0x30]
UVM_INFO verif/mem_model.sv(45) @ 0: reporter [<unknown>] Write Mem : Addr[0x8000008f], Data[0x0]
UVM_INFO verif/mem_model.sv(45) @ 0: reporter [<unknown>] Write Mem : Addr[0x80000090], Data[0x13]
UVM_INFO verif/mem_model.sv(45) @ 0: reporter [<unknown>] Write Mem : Addr[0x80000091], Data[0x7]
UVM_INFO verif/mem_model.sv(45) @ 0: reporter [<unknown>] Write Mem : Addr[0x80000092], Data[0x40]
UVM_INFO verif/mem_model.sv(45) @ 0: reporter [<unknown>] Write Mem : Addr[0x80000093], Data[0x0]
UVM_INFO verif/mem_model.sv(45) @ 0: reporter [<unknown>] Write Mem : Addr[0x80000094], Data[0x93]
UVM_INFO verif/mem_model.sv(45) @ 0: reporter [<unknown>] Write Mem : Addr[0x80000095], Data[0x7]
UVM_INFO verif/mem_model.sv(45) @ 0: reporter [<unknown>] Write Mem : Addr[0x80000096], Data[0x50]
UVM_INFO verif/mem_model.sv(45) @ 0: reporter [<unknown>] Write Mem : Addr[0x80000097], Data[0x0]
UVM_INFO verif/mem_model.sv(45) @ 0: reporter [<unknown>] Write Mem : Addr[0x80000098], Data[0x13]
UVM_INFO verif/mem_model.sv(45) @ 0: reporter [<unknown>] Write Mem : Addr[0x80000099], Data[0x8]
UVM_INFO verif/mem_model.sv(45) @ 0: reporter [<unknown>] Write Mem : Addr[0x8000009a], Data[0x60]
UVM_INFO verif/mem_model.sv(45) @ 0: reporter [<unknown>] Write Mem : Addr[0x8000009b], Data[0x0]
UVM_INFO verif/mem_model.sv(45) @ 0: reporter [<unknown>] Write Mem : Addr[0x8000009c], Data[0x93]
UVM_INFO verif/mem_model.sv(45) @ 0: reporter [<unknown>] Write Mem : Addr[0x8000009d], Data[0x8]
UVM_INFO verif/mem_model.sv(45) @ 0: reporter [<unknown>] Write Mem : Addr[0x8000009e], Data[0x70]
UVM_INFO verif/mem_model.sv(45) @ 0: reporter [<unknown>] Write Mem : Addr[0x8000009f], Data[0x0]
UVM_INFO verif/mem_model.sv(45) @ 0: reporter [<unknown>] Write Mem : Addr[0x800000a0], Data[0x13]
UVM_INFO verif/mem_model.sv(45) @ 0: reporter [<unknown>] Write Mem : Addr[0x800000a1], Data[0x9]
UVM_INFO verif/mem_model.sv(45) @ 0: reporter [<unknown>] Write Mem : Addr[0x800000a2], Data[0x50]
UVM_INFO verif/mem_model.sv(45) @ 0: reporter [<unknown>] Write Mem : Addr[0x800000a3], Data[0x0]
UVM_INFO verif/mem_model.sv(45) @ 0: reporter [<unknown>] Write Mem : Addr[0x800000a4], Data[0x93]
UVM_INFO verif/mem_model.sv(45) @ 0: reporter [<unknown>] Write Mem : Addr[0x800000a5], Data[0x9]
UVM_INFO verif/mem_model.sv(45) @ 0: reporter [<unknown>] Write Mem : Addr[0x800000a6], Data[0x90]
UVM_INFO verif/mem_model.sv(45) @ 0: reporter [<unknown>] Write Mem : Addr[0x800000a7], Data[0x1]
UVM_INFO verif/mem_model.sv(45) @ 0: reporter [<unknown>] Write Mem : Addr[0x800000a8], Data[0x13]
UVM_INFO verif/mem_model.sv(45) @ 0: reporter [<unknown>] Write Mem : Addr[0x800000a9], Data[0xa]
UVM_INFO verif/mem_model.sv(45) @ 0: reporter [<unknown>] Write Mem : Addr[0x800000aa], Data[0x40]
UVM_INFO verif/mem_model.sv(45) @ 0: reporter [<unknown>] Write Mem : Addr[0x800000ab], Data[0x1]
UVM_INFO verif/mem_model.sv(45) @ 0: reporter [<unknown>] Write Mem : Addr[0x800000ac], Data[0x13]
UVM_INFO verif/mem_model.sv(45) @ 0: reporter [<unknown>] Write Mem : Addr[0x800000ad], Data[0x5]
UVM_INFO verif/mem_model.sv(45) @ 0: reporter [<unknown>] Write Mem : Addr[0x800000ae], Data[0x50]
UVM_INFO verif/mem_model.sv(45) @ 0: reporter [<unknown>] Write Mem : Addr[0x800000af], Data[0x0]
UVM_INFO verif/mem_model.sv(45) @ 0: reporter [<unknown>] Write Mem : Addr[0x800000b0], Data[0xef]
UVM_INFO verif/mem_model.sv(45) @ 0: reporter [<unknown>] Write Mem : Addr[0x800000b1], Data[0x0]
UVM_INFO verif/mem_model.sv(45) @ 0: reporter [<unknown>] Write Mem : Addr[0x800000b2], Data[0x0]
UVM_INFO verif/mem_model.sv(45) @ 0: reporter [<unknown>] Write Mem : Addr[0x800000b3], Data[0x1]
UVM_INFO verif/mem_model.sv(45) @ 0: reporter [<unknown>] Write Mem : Addr[0x800000b4], Data[0xb3]
UVM_INFO verif/mem_model.sv(45) @ 0: reporter [<unknown>] Write Mem : Addr[0x800000b5], Data[0x5]
UVM_INFO verif/mem_model.sv(45) @ 0: reporter [<unknown>] Write Mem : Addr[0x800000b6], Data[0xa0]
UVM_INFO verif/mem_model.sv(45) @ 0: reporter [<unknown>] Write Mem : Addr[0x800000b7], Data[0x0]
UVM_INFO verif/mem_model.sv(45) @ 0: reporter [<unknown>] Write Mem : Addr[0x800000b8], Data[0x13]
UVM_INFO verif/mem_model.sv(45) @ 0: reporter [<unknown>] Write Mem : Addr[0x800000b9], Data[0x5]
UVM_INFO verif/mem_model.sv(45) @ 0: reporter [<unknown>] Write Mem : Addr[0x800000ba], Data[0xa0]
UVM_INFO verif/mem_model.sv(45) @ 0: reporter [<unknown>] Write Mem : Addr[0x800000bb], Data[0x0]
UVM_INFO verif/mem_model.sv(45) @ 0: reporter [<unknown>] Write Mem : Addr[0x800000bc], Data[0x73]
UVM_INFO verif/mem_model.sv(45) @ 0: reporter [<unknown>] Write Mem : Addr[0x800000bd], Data[0x0]
UVM_INFO verif/mem_model.sv(45) @ 0: reporter [<unknown>] Write Mem : Addr[0x800000be], Data[0x0]
UVM_INFO verif/mem_model.sv(45) @ 0: reporter [<unknown>] Write Mem : Addr[0x800000bf], Data[0x0]
UVM_INFO verif/mem_model.sv(45) @ 0: reporter [<unknown>] Write Mem : Addr[0x800000c0], Data[0xb3]
UVM_INFO verif/mem_model.sv(45) @ 0: reporter [<unknown>] Write Mem : Addr[0x800000c1], Data[0x3]
UVM_INFO verif/mem_model.sv(45) @ 0: reporter [<unknown>] Write Mem : Addr[0x800000c2], Data[0x5]
UVM_INFO verif/mem_model.sv(45) @ 0: reporter [<unknown>] Write Mem : Addr[0x800000c3], Data[0x0]
UVM_INFO verif/mem_model.sv(45) @ 0: reporter [<unknown>] Write Mem : Addr[0x800000c4], Data[0x13]
UVM_INFO verif/mem_model.sv(45) @ 0: reporter [<unknown>] Write Mem : Addr[0x800000c5], Data[0x5]
UVM_INFO verif/mem_model.sv(45) @ 0: reporter [<unknown>] Write Mem : Addr[0x800000c6], Data[0x10]
UVM_INFO verif/mem_model.sv(45) @ 0: reporter [<unknown>] Write Mem : Addr[0x800000c7], Data[0x0]
UVM_INFO verif/mem_model.sv(45) @ 0: reporter [<unknown>] Write Mem : Addr[0x800000c8], Data[0x63]
UVM_INFO verif/mem_model.sv(45) @ 0: reporter [<unknown>] Write Mem : Addr[0x800000c9], Data[0x94]
UVM_INFO verif/mem_model.sv(45) @ 0: reporter [<unknown>] Write Mem : Addr[0x800000ca], Data[0x3]
UVM_INFO verif/mem_model.sv(45) @ 0: reporter [<unknown>] Write Mem : Addr[0x800000cb], Data[0x0]
UVM_INFO verif/mem_model.sv(45) @ 0: reporter [<unknown>] Write Mem : Addr[0x800000cc], Data[0x6f]
UVM_INFO verif/mem_model.sv(45) @ 0: reporter [<unknown>] Write Mem : Addr[0x800000cd], Data[0x0]
UVM_INFO verif/mem_model.sv(45) @ 0: reporter [<unknown>] Write Mem : Addr[0x800000ce], Data[0x40]
UVM_INFO verif/mem_model.sv(45) @ 0: reporter [<unknown>] Write Mem : Addr[0x800000cf], Data[0x1]
UVM_INFO verif/mem_model.sv(45) @ 0: reporter [<unknown>] Write Mem : Addr[0x800000d0], Data[0x63]
UVM_INFO verif/mem_model.sv(45) @ 0: reporter [<unknown>] Write Mem : Addr[0x800000d1], Data[0x88]
UVM_INFO verif/mem_model.sv(45) @ 0: reporter [<unknown>] Write Mem : Addr[0x800000d2], Data[0x3]
UVM_INFO verif/mem_model.sv(45) @ 0: reporter [<unknown>] Write Mem : Addr[0x800000d3], Data[0x0]
UVM_INFO verif/mem_model.sv(45) @ 0: reporter [<unknown>] Write Mem : Addr[0x800000d4], Data[0x33]
UVM_INFO verif/mem_model.sv(45) @ 0: reporter [<unknown>] Write Mem : Addr[0x800000d5], Data[0x5]
UVM_INFO verif/mem_model.sv(45) @ 0: reporter [<unknown>] Write Mem : Addr[0x800000d6], Data[0x75]
UVM_INFO verif/mem_model.sv(45) @ 0: reporter [<unknown>] Write Mem : Addr[0x800000d7], Data[0x2]
UVM_INFO verif/mem_model.sv(45) @ 0: reporter [<unknown>] Write Mem : Addr[0x800000d8], Data[0x93]
UVM_INFO verif/mem_model.sv(45) @ 0: reporter [<unknown>] Write Mem : Addr[0x800000d9], Data[0x83]
UVM_INFO verif/mem_model.sv(45) @ 0: reporter [<unknown>] Write Mem : Addr[0x800000da], Data[0xf3]
UVM_INFO verif/mem_model.sv(45) @ 0: reporter [<unknown>] Write Mem : Addr[0x800000db], Data[0xff]
UVM_INFO verif/mem_model.sv(45) @ 0: reporter [<unknown>] Write Mem : Addr[0x800000dc], Data[0x6f]
UVM_INFO verif/mem_model.sv(45) @ 0: reporter [<unknown>] Write Mem : Addr[0x800000dd], Data[0xf0]
UVM_INFO verif/mem_model.sv(45) @ 0: reporter [<unknown>] Write Mem : Addr[0x800000de], Data[0x5f]
UVM_INFO verif/mem_model.sv(45) @ 0: reporter [<unknown>] Write Mem : Addr[0x800000df], Data[0xff]
UVM_INFO verif/mem_model.sv(45) @ 0: reporter [<unknown>] Write Mem : Addr[0x800000e0], Data[0x67]
UVM_INFO verif/mem_model.sv(45) @ 0: reporter [<unknown>] Write Mem : Addr[0x800000e1], Data[0x80]
UVM_INFO verif/mem_model.sv(45) @ 0: reporter [<unknown>] Write Mem : Addr[0x800000e2], Data[0x0]
UVM_INFO verif/mem_model.sv(45) @ 0: reporter [<unknown>] Write Mem : Addr[0x800000e3], Data[0x0]
UVM_INFO verif/mem_model.sv(45) @ 0: reporter [<unknown>] Write Mem : Addr[0xdeadbeaf], Data[0xca]
UVM_INFO verif/mem_model.sv(45) @ 0: reporter [<unknown>] Write Mem : Addr[0xdeadbeb0], Data[0xca]
UVM_INFO verif/mem_model.sv(45) @ 0: reporter [<unknown>] Write Mem : Addr[0xdeadbeb1], Data[0xba]
UVM_INFO verif/mem_model.sv(45) @ 0: reporter [<unknown>] Write Mem : Addr[0xdeadbeb2], Data[0xba]
UVM_INFO fetch_agent/ibex_test_fetch_driver.sv(59) @ 0: uvm_test_top.environment.fetch_agent.driver [ibex_test_fetch_driver] VIF set in Fetch Agent's DRIVER successfully!
UVM_INFO fetch_agent/ibex_test_fetch_monitor.sv(50) @ 0: uvm_test_top.environment.fetch_agent.monitor [ibex_test_fetch_monitor] VIF set in Fetch Agent's MONITOR successfully!
UVM_INFO lsu_agent/ibex_test_lsu_driver.sv(47) @ 0: uvm_test_top.environment.lsu_agent.driver [ibex_test_lsu_driver] VIF set in LSU Agent's DRIVER successfully!
UVM_INFO lsu_agent/ibex_test_lsu_monitor.sv(59) @ 0: uvm_test_top.environment.lsu_agent.monitor [ibex_test_lsu_monitor] VIF set in LSU Agent's MONITOR successfully!
UVM_INFO ibex_test_test_lib.sv(217) @ 0: uvm_test_top [ibex_test_base_test] VIF set in test Class successfully!
UVM_INFO ibex_test_test_lib.sv(49) @ 0: uvm_test_top [ibex_test_base_test] run_phase of TEST
WHOLE MEMORY IS HERE!
Address = 28, Instruction = af
Address = 29, Instruction = be
Address = 2a, Instruction = ad
Address = 2b, Instruction = de
Address = 80000080, Instruction = 13
Address = 80000081, Instruction = 5
Address = 80000082, Instruction = 50
Address = 80000083, Instruction = 0
Address = 80000084, Instruction = 93
Address = 80000085, Instruction = 5
Address = 80000086, Instruction = 10
Address = 80000087, Instruction = 0
Address = 80000088, Instruction = 13
Address = 80000089, Instruction = 6
Address = 8000008a, Instruction = 20
Address = 8000008b, Instruction = 0
Address = 8000008c, Instruction = 93
Address = 8000008d, Instruction = 6
Address = 8000008e, Instruction = 30
Address = 8000008f, Instruction = 0
Address = 80000090, Instruction = 13
Address = 80000091, Instruction = 7
Address = 80000092, Instruction = 40
Address = 80000093, Instruction = 0
Address = 80000094, Instruction = 93
Address = 80000095, Instruction = 7
Address = 80000096, Instruction = 50
Address = 80000097, Instruction = 0
Address = 80000098, Instruction = 13
Address = 80000099, Instruction = 8
Address = 8000009a, Instruction = 60
Address = 8000009b, Instruction = 0
Address = 8000009c, Instruction = 93
Address = 8000009d, Instruction = 8
Address = 8000009e, Instruction = 70
Address = 8000009f, Instruction = 0
Address = 800000a0, Instruction = 13
Address = 800000a1, Instruction = 9
Address = 800000a2, Instruction = 50
Address = 800000a3, Instruction = 0
Address = 800000a4, Instruction = 93
Address = 800000a5, Instruction = 9
Address = 800000a6, Instruction = 90
Address = 800000a7, Instruction = 1
Address = 800000a8, Instruction = 13
Address = 800000a9, Instruction = a
Address = 800000aa, Instruction = 40
Address = 800000ab, Instruction = 1
Address = 800000ac, Instruction = 13
Address = 800000ad, Instruction = 5
Address = 800000ae, Instruction = 50
Address = 800000af, Instruction = 0
Address = 800000b0, Instruction = ef
Address = 800000b1, Instruction = 0
Address = 800000b2, Instruction = 0
Address = 800000b3, Instruction = 1
Address = 800000b4, Instruction = b3
Address = 800000b5, Instruction = 5
Address = 800000b6, Instruction = a0
Address = 800000b7, Instruction = 0
Address = 800000b8, Instruction = 13
Address = 800000b9, Instruction = 5
Address = 800000ba, Instruction = a0
Address = 800000bb, Instruction = 0
Address = 800000bc, Instruction = 73
Address = 800000bd, Instruction = 0
Address = 800000be, Instruction = 0
Address = 800000bf, Instruction = 0
Address = 800000c0, Instruction = b3
Address = 800000c1, Instruction = 3
Address = 800000c2, Instruction = 5
Address = 800000c3, Instruction = 0
Address = 800000c4, Instruction = 13
Address = 800000c5, Instruction = 5
Address = 800000c6, Instruction = 10
Address = 800000c7, Instruction = 0
Address = 800000c8, Instruction = 63
Address = 800000c9, Instruction = 94
Address = 800000ca, Instruction = 3
Address = 800000cb, Instruction = 0
Address = 800000cc, Instruction = 6f
Address = 800000cd, Instruction = 0
Address = 800000ce, Instruction = 40
Address = 800000cf, Instruction = 1
Address = 800000d0, Instruction = 63
Address = 800000d1, Instruction = 88
Address = 800000d2, Instruction = 3
Address = 800000d3, Instruction = 0
Address = 800000d4, Instruction = 33
Address = 800000d5, Instruction = 5
Address = 800000d6, Instruction = 75
Address = 800000d7, Instruction = 2
Address = 800000d8, Instruction = 93
Address = 800000d9, Instruction = 83
Address = 800000da, Instruction = f3
Address = 800000db, Instruction = ff
Address = 800000dc, Instruction = 6f
Address = 800000dd, Instruction = f0
Address = 800000de, Instruction = 5f
Address = 800000df, Instruction = ff
Address = 800000e0, Instruction = 67
Address = 800000e1, Instruction = 80
Address = 800000e2, Instruction = 0
Address = 800000e3, Instruction = 0
Address = deadbeaf, Instruction = ca
Address = deadbeb0, Instruction = ca
Address = deadbeb1, Instruction = ba
Address = deadbeb2, Instruction = ba
WHOLE MEMORY IS HERE!
Address = 28, Instruction = af
Address = 29, Instruction = be
Address = 2a, Instruction = ad
Address = 2b, Instruction = de
Address = 80000080, Instruction = 13
Address = 80000081, Instruction = 5
Address = 80000082, Instruction = 50
Address = 80000083, Instruction = 0
Address = 80000084, Instruction = 93
Address = 80000085, Instruction = 5
Address = 80000086, Instruction = 10
Address = 80000087, Instruction = 0
Address = 80000088, Instruction = 13
Address = 80000089, Instruction = 6
Address = 8000008a, Instruction = 20
Address = 8000008b, Instruction = 0
Address = 8000008c, Instruction = 93
Address = 8000008d, Instruction = 6
Address = 8000008e, Instruction = 30
Address = 8000008f, Instruction = 0
Address = 80000090, Instruction = 13
Address = 80000091, Instruction = 7
Address = 80000092, Instruction = 40
Address = 80000093, Instruction = 0
Address = 80000094, Instruction = 93
Address = 80000095, Instruction = 7
Address = 80000096, Instruction = 50
Address = 80000097, Instruction = 0
Address = 80000098, Instruction = 13
Address = 80000099, Instruction = 8
Address = 8000009a, Instruction = 60
Address = 8000009b, Instruction = 0
Address = 8000009c, Instruction = 93
Address = 8000009d, Instruction = 8
Address = 8000009e, Instruction = 70
Address = 8000009f, Instruction = 0
Address = 800000a0, Instruction = 13
Address = 800000a1, Instruction = 9
Address = 800000a2, Instruction = 50
Address = 800000a3, Instruction = 0
Address = 800000a4, Instruction = 93
Address = 800000a5, Instruction = 9
Address = 800000a6, Instruction = 90
Address = 800000a7, Instruction = 1
Address = 800000a8, Instruction = 13
Address = 800000a9, Instruction = a
Address = 800000aa, Instruction = 40
Address = 800000ab, Instruction = 1
Address = 800000ac, Instruction = 13
Address = 800000ad, Instruction = 5
Address = 800000ae, Instruction = 50
Address = 800000af, Instruction = 0
Address = 800000b0, Instruction = ef
Address = 800000b1, Instruction = 0
Address = 800000b2, Instruction = 0
Address = 800000b3, Instruction = 1
Address = 800000b4, Instruction = b3
Address = 800000b5, Instruction = 5
Address = 800000b6, Instruction = a0
Address = 800000b7, Instruction = 0
Address = 800000b8, Instruction = 13
Address = 800000b9, Instruction = 5
Address = 800000ba, Instruction = a0
Address = 800000bb, Instruction = 0
Address = 800000bc, Instruction = 73
Address = 800000bd, Instruction = 0
Address = 800000be, Instruction = 0
Address = 800000bf, Instruction = 0
Address = 800000c0, Instruction = b3
Address = 800000c1, Instruction = 3
Address = 800000c2, Instruction = 5
Address = 800000c3, Instruction = 0
Address = 800000c4, Instruction = 13
Address = 800000c5, Instruction = 5
Address = 800000c6, Instruction = 10
Address = 800000c7, Instruction = 0
Address = 800000c8, Instruction = 63
Address = 800000c9, Instruction = 94
Address = 800000ca, Instruction = 3
Address = 800000cb, Instruction = 0
Address = 800000cc, Instruction = 6f
Address = 800000cd, Instruction = 0
Address = 800000ce, Instruction = 40
Address = 800000cf, Instruction = 1
Address = 800000d0, Instruction = 63
Address = 800000d1, Instruction = 88
Address = 800000d2, Instruction = 3
Address = 800000d3, Instruction = 0
Address = 800000d4, Instruction = 33
Address = 800000d5, Instruction = 5
Address = 800000d6, Instruction = 75
Address = 800000d7, Instruction = 2
Address = 800000d8, Instruction = 93
Address = 800000d9, Instruction = 83
Address = 800000da, Instruction = f3
Address = 800000db, Instruction = ff
Address = 800000dc, Instruction = 6f
Address = 800000dd, Instruction = f0
Address = 800000de, Instruction = 5f
Address = 800000df, Instruction = ff
Address = 800000e0, Instruction = 67
Address = 800000e1, Instruction = 80
Address = 800000e2, Instruction = 0
Address = 800000e3, Instruction = 0
Address = deadbeaf, Instruction = ca
Address = deadbeb0, Instruction = ca
Address = deadbeb1, Instruction = ba
Address = deadbeb2, Instruction = ba
UVM_INFO fetch_agent/ibex_test_fetch_monitor.sv(37) @ 45: uvm_test_top.environment.fetch_agent.monitor [ibex_test_fetch_monitor] MONITOR: Packet Collected :
----------------------------------------------------------------
Name                  Type                      Size  Value     
----------------------------------------------------------------
pkt                   ibex_test_fetch_seq_item  -     @1211     
  instr_req_o         integral                  1     'h1       
  instr_gnt_i         integral                  1     'h1       
  instr_rvalid_i      integral                  1     'h0       
  instr_addr_o        integral                  32    'h80000080
  instr_rdata_i       integral                  32    'h0       
  instr_rdata_intg_i  integral                  7     'hXx      
  instr_err_i         integral                  1     'h0       
----------------------------------------------------------------

UVM_INFO fetch_agent/ibex_test_fetch_monitor.sv(37) @ 55: uvm_test_top.environment.fetch_agent.monitor [ibex_test_fetch_monitor] MONITOR: Packet Collected :
----------------------------------------------------------------
Name                  Type                      Size  Value     
----------------------------------------------------------------
pkt                   ibex_test_fetch_seq_item  -     @1221     
  instr_req_o         integral                  1     'h1       
  instr_gnt_i         integral                  1     'h1       
  instr_rvalid_i      integral                  1     'h1       
  instr_addr_o        integral                  32    'h80000084
  instr_rdata_i       integral                  32    'h500513  
  instr_rdata_intg_i  integral                  7     'hXx      
  instr_err_i         integral                  1     'h0       
----------------------------------------------------------------

UVM_INFO fetch_agent/ibex_test_fetch_monitor.sv(37) @ 65: uvm_test_top.environment.fetch_agent.monitor [ibex_test_fetch_monitor] MONITOR: Packet Collected :
----------------------------------------------------------------
Name                  Type                      Size  Value     
----------------------------------------------------------------
pkt                   ibex_test_fetch_seq_item  -     @1244     
  instr_req_o         integral                  1     'h1       
  instr_gnt_i         integral                  1     'h1       
  instr_rvalid_i      integral                  1     'h1       
  instr_addr_o        integral                  32    'h80000088
  instr_rdata_i       integral                  32    'h100593  
  instr_rdata_intg_i  integral                  7     'hXx      
  instr_err_i         integral                  1     'h0       
----------------------------------------------------------------

ibex_test_testbench.dut.u_ibex_tracer.printbuffer_dumpline: Writing execution trace to trace_core_00000000.log
UVM_INFO fetch_agent/ibex_test_fetch_monitor.sv(37) @ 75: uvm_test_top.environment.fetch_agent.monitor [ibex_test_fetch_monitor] MONITOR: Packet Collected :
----------------------------------------------------------------
Name                  Type                      Size  Value     
----------------------------------------------------------------
pkt                   ibex_test_fetch_seq_item  -     @1266     
  instr_req_o         integral                  1     'h1       
  instr_gnt_i         integral                  1     'h1       
  instr_rvalid_i      integral                  1     'h1       
  instr_addr_o        integral                  32    'h8000008c
  instr_rdata_i       integral                  32    'h200613  
  instr_rdata_intg_i  integral                  7     'hXx      
  instr_err_i         integral                  1     'h0       
----------------------------------------------------------------

UVM_INFO fetch_agent/ibex_test_fetch_monitor.sv(37) @ 85: uvm_test_top.environment.fetch_agent.monitor [ibex_test_fetch_monitor] MONITOR: Packet Collected :
----------------------------------------------------------------
Name                  Type                      Size  Value     
----------------------------------------------------------------
pkt                   ibex_test_fetch_seq_item  -     @1288     
  instr_req_o         integral                  1     'h1       
  instr_gnt_i         integral                  1     'h1       
  instr_rvalid_i      integral                  1     'h1       
  instr_addr_o        integral                  32    'h80000090
  instr_rdata_i       integral                  32    'h300693  
  instr_rdata_intg_i  integral                  7     'hXx      
  instr_err_i         integral                  1     'h0       
----------------------------------------------------------------

UVM_INFO fetch_agent/ibex_test_fetch_monitor.sv(37) @ 95: uvm_test_top.environment.fetch_agent.monitor [ibex_test_fetch_monitor] MONITOR: Packet Collected :
----------------------------------------------------------------
Name                  Type                      Size  Value     
----------------------------------------------------------------
pkt                   ibex_test_fetch_seq_item  -     @1310     
  instr_req_o         integral                  1     'h1       
  instr_gnt_i         integral                  1     'h1       
  instr_rvalid_i      integral                  1     'h1       
  instr_addr_o        integral                  32    'h80000094
  instr_rdata_i       integral                  32    'h400713  
  instr_rdata_intg_i  integral                  7     'hXx      
  instr_err_i         integral                  1     'h0       
----------------------------------------------------------------

UVM_INFO fetch_agent/ibex_test_fetch_monitor.sv(37) @ 105: uvm_test_top.environment.fetch_agent.monitor [ibex_test_fetch_monitor] MONITOR: Packet Collected :
----------------------------------------------------------------
Name                  Type                      Size  Value     
----------------------------------------------------------------
pkt                   ibex_test_fetch_seq_item  -     @1332     
  instr_req_o         integral                  1     'h1       
  instr_gnt_i         integral                  1     'h1       
  instr_rvalid_i      integral                  1     'h1       
  instr_addr_o        integral                  32    'h80000098
  instr_rdata_i       integral                  32    'h500793  
  instr_rdata_intg_i  integral                  7     'hXx      
  instr_err_i         integral                  1     'h0       
----------------------------------------------------------------

UVM_INFO fetch_agent/ibex_test_fetch_monitor.sv(37) @ 115: uvm_test_top.environment.fetch_agent.monitor [ibex_test_fetch_monitor] MONITOR: Packet Collected :
----------------------------------------------------------------
Name                  Type                      Size  Value     
----------------------------------------------------------------
pkt                   ibex_test_fetch_seq_item  -     @1354     
  instr_req_o         integral                  1     'h1       
  instr_gnt_i         integral                  1     'h1       
  instr_rvalid_i      integral                  1     'h1       
  instr_addr_o        integral                  32    'h8000009c
  instr_rdata_i       integral                  32    'h600813  
  instr_rdata_intg_i  integral                  7     'hXx      
  instr_err_i         integral                  1     'h0       
----------------------------------------------------------------

UVM_INFO fetch_agent/ibex_test_fetch_monitor.sv(37) @ 125: uvm_test_top.environment.fetch_agent.monitor [ibex_test_fetch_monitor] MONITOR: Packet Collected :
----------------------------------------------------------------
Name                  Type                      Size  Value     
----------------------------------------------------------------
pkt                   ibex_test_fetch_seq_item  -     @1376     
  instr_req_o         integral                  1     'h1       
  instr_gnt_i         integral                  1     'h1       
  instr_rvalid_i      integral                  1     'h1       
  instr_addr_o        integral                  32    'h800000a0
  instr_rdata_i       integral                  32    'h700893  
  instr_rdata_intg_i  integral                  7     'hXx      
  instr_err_i         integral                  1     'h0       
----------------------------------------------------------------

UVM_INFO fetch_agent/ibex_test_fetch_monitor.sv(37) @ 135: uvm_test_top.environment.fetch_agent.monitor [ibex_test_fetch_monitor] MONITOR: Packet Collected :
----------------------------------------------------------------
Name                  Type                      Size  Value     
----------------------------------------------------------------
pkt                   ibex_test_fetch_seq_item  -     @1398     
  instr_req_o         integral                  1     'h1       
  instr_gnt_i         integral                  1     'h1       
  instr_rvalid_i      integral                  1     'h1       
  instr_addr_o        integral                  32    'h800000a4
  instr_rdata_i       integral                  32    'h500913  
  instr_rdata_intg_i  integral                  7     'hXx      
  instr_err_i         integral                  1     'h0       
----------------------------------------------------------------

UVM_INFO fetch_agent/ibex_test_fetch_monitor.sv(37) @ 145: uvm_test_top.environment.fetch_agent.monitor [ibex_test_fetch_monitor] MONITOR: Packet Collected :
----------------------------------------------------------------
Name                  Type                      Size  Value     
----------------------------------------------------------------
pkt                   ibex_test_fetch_seq_item  -     @1420     
  instr_req_o         integral                  1     'h1       
  instr_gnt_i         integral                  1     'h1       
  instr_rvalid_i      integral                  1     'h1       
  instr_addr_o        integral                  32    'h800000a8
  instr_rdata_i       integral                  32    'h1900993 
  instr_rdata_intg_i  integral                  7     'hXx      
  instr_err_i         integral                  1     'h0       
----------------------------------------------------------------

UVM_INFO fetch_agent/ibex_test_fetch_monitor.sv(37) @ 155: uvm_test_top.environment.fetch_agent.monitor [ibex_test_fetch_monitor] MONITOR: Packet Collected :
----------------------------------------------------------------
Name                  Type                      Size  Value     
----------------------------------------------------------------
pkt                   ibex_test_fetch_seq_item  -     @1442     
  instr_req_o         integral                  1     'h1       
  instr_gnt_i         integral                  1     'h1       
  instr_rvalid_i      integral                  1     'h1       
  instr_addr_o        integral                  32    'h800000ac
  instr_rdata_i       integral                  32    'h1400a13 
  instr_rdata_intg_i  integral                  7     'hXx      
  instr_err_i         integral                  1     'h0       
----------------------------------------------------------------

UVM_INFO fetch_agent/ibex_test_fetch_monitor.sv(37) @ 165: uvm_test_top.environment.fetch_agent.monitor [ibex_test_fetch_monitor] MONITOR: Packet Collected :
----------------------------------------------------------------
Name                  Type                      Size  Value     
----------------------------------------------------------------
pkt                   ibex_test_fetch_seq_item  -     @1464     
  instr_req_o         integral                  1     'h1       
  instr_gnt_i         integral                  1     'h1       
  instr_rvalid_i      integral                  1     'h1       
  instr_addr_o        integral                  32    'h800000b0
  instr_rdata_i       integral                  32    'h500513  
  instr_rdata_intg_i  integral                  7     'hXx      
  instr_err_i         integral                  1     'h0       
----------------------------------------------------------------

UVM_INFO fetch_agent/ibex_test_fetch_monitor.sv(37) @ 175: uvm_test_top.environment.fetch_agent.monitor [ibex_test_fetch_monitor] MONITOR: Packet Collected :
----------------------------------------------------------------
Name                  Type                      Size  Value     
----------------------------------------------------------------
pkt                   ibex_test_fetch_seq_item  -     @1486     
  instr_req_o         integral                  1     'h1       
  instr_gnt_i         integral                  1     'h1       
  instr_rvalid_i      integral                  1     'h1       
  instr_addr_o        integral                  32    'h800000b4
  instr_rdata_i       integral                  32    'h10000ef 
  instr_rdata_intg_i  integral                  7     'hXx      
  instr_err_i         integral                  1     'h0       
----------------------------------------------------------------

UVM_INFO fetch_agent/ibex_test_fetch_monitor.sv(37) @ 185: uvm_test_top.environment.fetch_agent.monitor [ibex_test_fetch_monitor] MONITOR: Packet Collected :
----------------------------------------------------------------
Name                  Type                      Size  Value     
----------------------------------------------------------------
pkt                   ibex_test_fetch_seq_item  -     @1508     
  instr_req_o         integral                  1     'h1       
  instr_gnt_i         integral                  1     'h1       
  instr_rvalid_i      integral                  1     'h1       
  instr_addr_o        integral                  32    'h800000c0
  instr_rdata_i       integral                  32    'ha005b3  
  instr_rdata_intg_i  integral                  7     'hXx      
  instr_err_i         integral                  1     'h0       
----------------------------------------------------------------

UVM_INFO fetch_agent/ibex_test_fetch_monitor.sv(37) @ 195: uvm_test_top.environment.fetch_agent.monitor [ibex_test_fetch_monitor] MONITOR: Packet Collected :
----------------------------------------------------------------
Name                  Type                      Size  Value     
----------------------------------------------------------------
pkt                   ibex_test_fetch_seq_item  -     @1530     
  instr_req_o         integral                  1     'h1       
  instr_gnt_i         integral                  1     'h1       
  instr_rvalid_i      integral                  1     'h1       
  instr_addr_o        integral                  32    'h800000c4
  instr_rdata_i       integral                  32    'h503b3   
  instr_rdata_intg_i  integral                  7     'hXx      
  instr_err_i         integral                  1     'h0       
----------------------------------------------------------------

UVM_INFO fetch_agent/ibex_test_fetch_monitor.sv(37) @ 205: uvm_test_top.environment.fetch_agent.monitor [ibex_test_fetch_monitor] MONITOR: Packet Collected :
----------------------------------------------------------------
Name                  Type                      Size  Value     
----------------------------------------------------------------
pkt                   ibex_test_fetch_seq_item  -     @1552     
  instr_req_o         integral                  1     'h1       
  instr_gnt_i         integral                  1     'h1       
  instr_rvalid_i      integral                  1     'h1       
  instr_addr_o        integral                  32    'h800000c8
  instr_rdata_i       integral                  32    'h100513  
  instr_rdata_intg_i  integral                  7     'hXx      
  instr_err_i         integral                  1     'h0       
----------------------------------------------------------------

UVM_INFO fetch_agent/ibex_test_fetch_monitor.sv(37) @ 215: uvm_test_top.environment.fetch_agent.monitor [ibex_test_fetch_monitor] MONITOR: Packet Collected :
----------------------------------------------------------------
Name                  Type                      Size  Value     
----------------------------------------------------------------
pkt                   ibex_test_fetch_seq_item  -     @1574     
  instr_req_o         integral                  1     'h1       
  instr_gnt_i         integral                  1     'h1       
  instr_rvalid_i      integral                  1     'h1       
  instr_addr_o        integral                  32    'h800000cc
  instr_rdata_i       integral                  32    'h39463   
  instr_rdata_intg_i  integral                  7     'hXx      
  instr_err_i         integral                  1     'h0       
----------------------------------------------------------------

UVM_INFO fetch_agent/ibex_test_fetch_monitor.sv(37) @ 225: uvm_test_top.environment.fetch_agent.monitor [ibex_test_fetch_monitor] MONITOR: Packet Collected :
----------------------------------------------------------------
Name                  Type                      Size  Value     
----------------------------------------------------------------
pkt                   ibex_test_fetch_seq_item  -     @1596     
  instr_req_o         integral                  1     'h1       
  instr_gnt_i         integral                  1     'h1       
  instr_rvalid_i      integral                  1     'h1       
  instr_addr_o        integral                  32    'h800000d0
  instr_rdata_i       integral                  32    'h140006f 
  instr_rdata_intg_i  integral                  7     'hXx      
  instr_err_i         integral                  1     'h0       
----------------------------------------------------------------

UVM_INFO fetch_agent/ibex_test_fetch_monitor.sv(37) @ 235: uvm_test_top.environment.fetch_agent.monitor [ibex_test_fetch_monitor] MONITOR: Packet Collected :
----------------------------------------------------------------
Name                  Type                      Size  Value     
----------------------------------------------------------------
pkt                   ibex_test_fetch_seq_item  -     @1618     
  instr_req_o         integral                  1     'h1       
  instr_gnt_i         integral                  1     'h1       
  instr_rvalid_i      integral                  1     'h1       
  instr_addr_o        integral                  32    'h800000d0
  instr_rdata_i       integral                  32    'h38863   
  instr_rdata_intg_i  integral                  7     'hXx      
  instr_err_i         integral                  1     'h0       
----------------------------------------------------------------

UVM_INFO fetch_agent/ibex_test_fetch_monitor.sv(37) @ 245: uvm_test_top.environment.fetch_agent.monitor [ibex_test_fetch_monitor] MONITOR: Packet Collected :
----------------------------------------------------------------
Name                  Type                      Size  Value     
----------------------------------------------------------------
pkt                   ibex_test_fetch_seq_item  -     @1640     
  instr_req_o         integral                  1     'h1       
  instr_gnt_i         integral                  1     'h1       
  instr_rvalid_i      integral                  1     'h1       
  instr_addr_o        integral                  32    'h800000d4
  instr_rdata_i       integral                  32    'h38863   
  instr_rdata_intg_i  integral                  7     'hXx      
  instr_err_i         integral                  1     'h0       
----------------------------------------------------------------


Warning-[RT-MTOCMUCS] More than one condition match in statement
ibex_alu.sv, 78
  More than one condition matches are found in 'unique case' statement inside 
  ibex_test_testbench.dut.u_ibex_top.u_ibex_core.ex_block_i.alu_i, at time 
  255s.
  
  Line number 79 and 80 are overlapping.

UVM_INFO fetch_agent/ibex_test_fetch_monitor.sv(37) @ 255: uvm_test_top.environment.fetch_agent.monitor [ibex_test_fetch_monitor] MONITOR: Packet Collected :
----------------------------------------------------------------
Name                  Type                      Size  Value     
----------------------------------------------------------------
pkt                   ibex_test_fetch_seq_item  -     @1662     
  instr_req_o         integral                  1     'h1       
  instr_gnt_i         integral                  1     'h1       
  instr_rvalid_i      integral                  1     'h1       
  instr_addr_o        integral                  32    'h800000d8
  instr_rdata_i       integral                  32    'h2750533 
  instr_rdata_intg_i  integral                  7     'hXx      
  instr_err_i         integral                  1     'h0       
----------------------------------------------------------------

UVM_INFO fetch_agent/ibex_test_fetch_monitor.sv(37) @ 265: uvm_test_top.environment.fetch_agent.monitor [ibex_test_fetch_monitor] MONITOR: Packet Collected :
----------------------------------------------------------------
Name                  Type                      Size  Value     
----------------------------------------------------------------
pkt                   ibex_test_fetch_seq_item  -     @1684     
  instr_req_o         integral                  1     'h1       
  instr_gnt_i         integral                  1     'h1       
  instr_rvalid_i      integral                  1     'h1       
  instr_addr_o        integral                  32    'h800000dc
  instr_rdata_i       integral                  32    'hfff38393
  instr_rdata_intg_i  integral                  7     'hXx      
  instr_err_i         integral                  1     'h0       
----------------------------------------------------------------

UVM_INFO fetch_agent/ibex_test_fetch_monitor.sv(37) @ 275: uvm_test_top.environment.fetch_agent.monitor [ibex_test_fetch_monitor] MONITOR: Packet Collected :
----------------------------------------------------------------
Name                  Type                      Size  Value     
----------------------------------------------------------------
pkt                   ibex_test_fetch_seq_item  -     @1706     
  instr_req_o         integral                  1     'h1       
  instr_gnt_i         integral                  1     'h1       
  instr_rvalid_i      integral                  1     'h1       
  instr_addr_o        integral                  32    'h800000e0
  instr_rdata_i       integral                  32    'hff5ff06f
  instr_rdata_intg_i  integral                  7     'hXx      
  instr_err_i         integral                  1     'h0       
----------------------------------------------------------------

UVM_INFO fetch_agent/ibex_test_fetch_monitor.sv(37) @ 295: uvm_test_top.environment.fetch_agent.monitor [ibex_test_fetch_monitor] MONITOR: Packet Collected :
----------------------------------------------------------------
Name                  Type                      Size  Value     
----------------------------------------------------------------
pkt                   ibex_test_fetch_seq_item  -     @1748     
  instr_req_o         integral                  1     'h1       
  instr_gnt_i         integral                  1     'h1       
  instr_rvalid_i      integral                  1     'h0       
  instr_addr_o        integral                  32    'h800000e4
  instr_rdata_i       integral                  32    'h8067    
  instr_rdata_intg_i  integral                  7     'hXx      
  instr_err_i         integral                  1     'h0       
----------------------------------------------------------------

UVM_ERROR verif/mem_model.sv(39) @ 295: reporter [<unknown>] read to uninitialzed addr 0x800000e7
UVM_ERROR verif/mem_model.sv(39) @ 295: reporter [<unknown>] read to uninitialzed addr 0x800000e6
UVM_ERROR verif/mem_model.sv(39) @ 295: reporter [<unknown>] read to uninitialzed addr 0x800000e5
UVM_ERROR verif/mem_model.sv(39) @ 295: reporter [<unknown>] read to uninitialzed addr 0x800000e4
UVM_INFO fetch_agent/ibex_test_fetch_monitor.sv(37) @ 305: uvm_test_top.environment.fetch_agent.monitor [ibex_test_fetch_monitor] MONITOR: Packet Collected :
----------------------------------------------------------------
Name                  Type                      Size  Value     
----------------------------------------------------------------
pkt                   ibex_test_fetch_seq_item  -     @1758     
  instr_req_o         integral                  1     'h1       
  instr_gnt_i         integral                  1     'h1       
  instr_rvalid_i      integral                  1     'h1       
  instr_addr_o        integral                  32    'h800000d0
  instr_rdata_i       integral                  32    'h0       
  instr_rdata_intg_i  integral                  7     'hXx      
  instr_err_i         integral                  1     'h0       
----------------------------------------------------------------

UVM_INFO fetch_agent/ibex_test_fetch_monitor.sv(37) @ 315: uvm_test_top.environment.fetch_agent.monitor [ibex_test_fetch_monitor] MONITOR: Packet Collected :
----------------------------------------------------------------
Name                  Type                      Size  Value     
----------------------------------------------------------------
pkt                   ibex_test_fetch_seq_item  -     @1788     
  instr_req_o         integral                  1     'h1       
  instr_gnt_i         integral                  1     'h1       
  instr_rvalid_i      integral                  1     'h1       
  instr_addr_o        integral                  32    'h800000d4
  instr_rdata_i       integral                  32    'h38863   
  instr_rdata_intg_i  integral                  7     'hXx      
  instr_err_i         integral                  1     'h0       
----------------------------------------------------------------


Warning-[RT-MTOCMUCS] More than one condition match in statement
ibex_alu.sv, 78
  More than one condition matches are found in 'unique case' statement inside 
  ibex_test_testbench.dut.u_ibex_top.u_ibex_core.ex_block_i.alu_i, at time 
  325s.
  
  Line number 79 and 80 are overlapping.

UVM_INFO fetch_agent/ibex_test_fetch_monitor.sv(37) @ 325: uvm_test_top.environment.fetch_agent.monitor [ibex_test_fetch_monitor] MONITOR: Packet Collected :
----------------------------------------------------------------
Name                  Type                      Size  Value     
----------------------------------------------------------------
pkt                   ibex_test_fetch_seq_item  -     @1810     
  instr_req_o         integral                  1     'h1       
  instr_gnt_i         integral                  1     'h1       
  instr_rvalid_i      integral                  1     'h1       
  instr_addr_o        integral                  32    'h800000d8
  instr_rdata_i       integral                  32    'h2750533 
  instr_rdata_intg_i  integral                  7     'hXx      
  instr_err_i         integral                  1     'h0       
----------------------------------------------------------------

UVM_INFO fetch_agent/ibex_test_fetch_monitor.sv(37) @ 335: uvm_test_top.environment.fetch_agent.monitor [ibex_test_fetch_monitor] MONITOR: Packet Collected :
----------------------------------------------------------------
Name                  Type                      Size  Value     
----------------------------------------------------------------
pkt                   ibex_test_fetch_seq_item  -     @1832     
  instr_req_o         integral                  1     'h1       
  instr_gnt_i         integral                  1     'h1       
  instr_rvalid_i      integral                  1     'h1       
  instr_addr_o        integral                  32    'h800000dc
  instr_rdata_i       integral                  32    'hfff38393
  instr_rdata_intg_i  integral                  7     'hXx      
  instr_err_i         integral                  1     'h0       
----------------------------------------------------------------

UVM_INFO fetch_agent/ibex_test_fetch_monitor.sv(37) @ 345: uvm_test_top.environment.fetch_agent.monitor [ibex_test_fetch_monitor] MONITOR: Packet Collected :
----------------------------------------------------------------
Name                  Type                      Size  Value     
----------------------------------------------------------------
pkt                   ibex_test_fetch_seq_item  -     @1854     
  instr_req_o         integral                  1     'h1       
  instr_gnt_i         integral                  1     'h1       
  instr_rvalid_i      integral                  1     'h1       
  instr_addr_o        integral                  32    'h800000e0
  instr_rdata_i       integral                  32    'hff5ff06f
  instr_rdata_intg_i  integral                  7     'hXx      
  instr_err_i         integral                  1     'h0       
----------------------------------------------------------------

UVM_INFO fetch_agent/ibex_test_fetch_monitor.sv(37) @ 365: uvm_test_top.environment.fetch_agent.monitor [ibex_test_fetch_monitor] MONITOR: Packet Collected :
----------------------------------------------------------------
Name                  Type                      Size  Value     
----------------------------------------------------------------
pkt                   ibex_test_fetch_seq_item  -     @1896     
  instr_req_o         integral                  1     'h1       
  instr_gnt_i         integral                  1     'h1       
  instr_rvalid_i      integral                  1     'h0       
  instr_addr_o        integral                  32    'h800000e4
  instr_rdata_i       integral                  32    'h8067    
  instr_rdata_intg_i  integral                  7     'hXx      
  instr_err_i         integral                  1     'h0       
----------------------------------------------------------------

UVM_ERROR verif/mem_model.sv(39) @ 365: reporter [<unknown>] read to uninitialzed addr 0x800000e7
UVM_ERROR verif/mem_model.sv(39) @ 365: reporter [<unknown>] read to uninitialzed addr 0x800000e6
UVM_ERROR verif/mem_model.sv(39) @ 365: reporter [<unknown>] read to uninitialzed addr 0x800000e5
UVM_ERROR verif/mem_model.sv(39) @ 365: reporter [<unknown>] read to uninitialzed addr 0x800000e4
UVM_INFO fetch_agent/ibex_test_fetch_monitor.sv(37) @ 375: uvm_test_top.environment.fetch_agent.monitor [ibex_test_fetch_monitor] MONITOR: Packet Collected :
----------------------------------------------------------------
Name                  Type                      Size  Value     
----------------------------------------------------------------
pkt                   ibex_test_fetch_seq_item  -     @1906     
  instr_req_o         integral                  1     'h1       
  instr_gnt_i         integral                  1     'h1       
  instr_rvalid_i      integral                  1     'h1       
  instr_addr_o        integral                  32    'h800000d0
  instr_rdata_i       integral                  32    'h0       
  instr_rdata_intg_i  integral                  7     'hXx      
  instr_err_i         integral                  1     'h0       
----------------------------------------------------------------

UVM_INFO fetch_agent/ibex_test_fetch_monitor.sv(37) @ 385: uvm_test_top.environment.fetch_agent.monitor [ibex_test_fetch_monitor] MONITOR: Packet Collected :
----------------------------------------------------------------
Name                  Type                      Size  Value     
----------------------------------------------------------------
pkt                   ibex_test_fetch_seq_item  -     @1936     
  instr_req_o         integral                  1     'h1       
  instr_gnt_i         integral                  1     'h1       
  instr_rvalid_i      integral                  1     'h1       
  instr_addr_o        integral                  32    'h800000d4
  instr_rdata_i       integral                  32    'h38863   
  instr_rdata_intg_i  integral                  7     'hXx      
  instr_err_i         integral                  1     'h0       
----------------------------------------------------------------


Warning-[RT-MTOCMUCS] More than one condition match in statement
ibex_alu.sv, 78
  More than one condition matches are found in 'unique case' statement inside 
  ibex_test_testbench.dut.u_ibex_top.u_ibex_core.ex_block_i.alu_i, at time 
  395s.
  
  Line number 79 and 80 are overlapping.

UVM_INFO fetch_agent/ibex_test_fetch_monitor.sv(37) @ 395: uvm_test_top.environment.fetch_agent.monitor [ibex_test_fetch_monitor] MONITOR: Packet Collected :
----------------------------------------------------------------
Name                  Type                      Size  Value     
----------------------------------------------------------------
pkt                   ibex_test_fetch_seq_item  -     @1958     
  instr_req_o         integral                  1     'h1       
  instr_gnt_i         integral                  1     'h1       
  instr_rvalid_i      integral                  1     'h1       
  instr_addr_o        integral                  32    'h800000d8
  instr_rdata_i       integral                  32    'h2750533 
  instr_rdata_intg_i  integral                  7     'hXx      
  instr_err_i         integral                  1     'h0       
----------------------------------------------------------------

UVM_INFO fetch_agent/ibex_test_fetch_monitor.sv(37) @ 405: uvm_test_top.environment.fetch_agent.monitor [ibex_test_fetch_monitor] MONITOR: Packet Collected :
----------------------------------------------------------------
Name                  Type                      Size  Value     
----------------------------------------------------------------
pkt                   ibex_test_fetch_seq_item  -     @1980     
  instr_req_o         integral                  1     'h1       
  instr_gnt_i         integral                  1     'h1       
  instr_rvalid_i      integral                  1     'h1       
  instr_addr_o        integral                  32    'h800000dc
  instr_rdata_i       integral                  32    'hfff38393
  instr_rdata_intg_i  integral                  7     'hXx      
  instr_err_i         integral                  1     'h0       
----------------------------------------------------------------

UVM_INFO fetch_agent/ibex_test_fetch_monitor.sv(37) @ 415: uvm_test_top.environment.fetch_agent.monitor [ibex_test_fetch_monitor] MONITOR: Packet Collected :
----------------------------------------------------------------
Name                  Type                      Size  Value     
----------------------------------------------------------------
pkt                   ibex_test_fetch_seq_item  -     @2002     
  instr_req_o         integral                  1     'h1       
  instr_gnt_i         integral                  1     'h1       
  instr_rvalid_i      integral                  1     'h1       
  instr_addr_o        integral                  32    'h800000e0
  instr_rdata_i       integral                  32    'hff5ff06f
  instr_rdata_intg_i  integral                  7     'hXx      
  instr_err_i         integral                  1     'h0       
----------------------------------------------------------------

UVM_INFO fetch_agent/ibex_test_fetch_monitor.sv(37) @ 435: uvm_test_top.environment.fetch_agent.monitor [ibex_test_fetch_monitor] MONITOR: Packet Collected :
----------------------------------------------------------------
Name                  Type                      Size  Value     
----------------------------------------------------------------
pkt                   ibex_test_fetch_seq_item  -     @2044     
  instr_req_o         integral                  1     'h1       
  instr_gnt_i         integral                  1     'h1       
  instr_rvalid_i      integral                  1     'h0       
  instr_addr_o        integral                  32    'h800000e4
  instr_rdata_i       integral                  32    'h8067    
  instr_rdata_intg_i  integral                  7     'hXx      
  instr_err_i         integral                  1     'h0       
----------------------------------------------------------------

UVM_ERROR verif/mem_model.sv(39) @ 435: reporter [<unknown>] read to uninitialzed addr 0x800000e7
UVM_ERROR verif/mem_model.sv(39) @ 435: reporter [<unknown>] read to uninitialzed addr 0x800000e6
UVM_ERROR verif/mem_model.sv(39) @ 435: reporter [<unknown>] read to uninitialzed addr 0x800000e5
UVM_ERROR verif/mem_model.sv(39) @ 435: reporter [<unknown>] read to uninitialzed addr 0x800000e4
UVM_INFO fetch_agent/ibex_test_fetch_monitor.sv(37) @ 445: uvm_test_top.environment.fetch_agent.monitor [ibex_test_fetch_monitor] MONITOR: Packet Collected :
----------------------------------------------------------------
Name                  Type                      Size  Value     
----------------------------------------------------------------
pkt                   ibex_test_fetch_seq_item  -     @2054     
  instr_req_o         integral                  1     'h1       
  instr_gnt_i         integral                  1     'h1       
  instr_rvalid_i      integral                  1     'h1       
  instr_addr_o        integral                  32    'h800000d0
  instr_rdata_i       integral                  32    'h0       
  instr_rdata_intg_i  integral                  7     'hXx      
  instr_err_i         integral                  1     'h0       
----------------------------------------------------------------

UVM_INFO fetch_agent/ibex_test_fetch_monitor.sv(37) @ 455: uvm_test_top.environment.fetch_agent.monitor [ibex_test_fetch_monitor] MONITOR: Packet Collected :
----------------------------------------------------------------
Name                  Type                      Size  Value     
----------------------------------------------------------------
pkt                   ibex_test_fetch_seq_item  -     @2084     
  instr_req_o         integral                  1     'h1       
  instr_gnt_i         integral                  1     'h1       
  instr_rvalid_i      integral                  1     'h1       
  instr_addr_o        integral                  32    'h800000d4
  instr_rdata_i       integral                  32    'h38863   
  instr_rdata_intg_i  integral                  7     'hXx      
  instr_err_i         integral                  1     'h0       
----------------------------------------------------------------


Warning-[RT-MTOCMUCS] More than one condition match in statement
ibex_alu.sv, 78
  More than one condition matches are found in 'unique case' statement inside 
  ibex_test_testbench.dut.u_ibex_top.u_ibex_core.ex_block_i.alu_i, at time 
  465s.
  
  Line number 79 and 80 are overlapping.

UVM_INFO fetch_agent/ibex_test_fetch_monitor.sv(37) @ 465: uvm_test_top.environment.fetch_agent.monitor [ibex_test_fetch_monitor] MONITOR: Packet Collected :
----------------------------------------------------------------
Name                  Type                      Size  Value     
----------------------------------------------------------------
pkt                   ibex_test_fetch_seq_item  -     @2106     
  instr_req_o         integral                  1     'h1       
  instr_gnt_i         integral                  1     'h1       
  instr_rvalid_i      integral                  1     'h1       
  instr_addr_o        integral                  32    'h800000d8
  instr_rdata_i       integral                  32    'h2750533 
  instr_rdata_intg_i  integral                  7     'hXx      
  instr_err_i         integral                  1     'h0       
----------------------------------------------------------------

UVM_INFO fetch_agent/ibex_test_fetch_monitor.sv(37) @ 475: uvm_test_top.environment.fetch_agent.monitor [ibex_test_fetch_monitor] MONITOR: Packet Collected :
----------------------------------------------------------------
Name                  Type                      Size  Value     
----------------------------------------------------------------
pkt                   ibex_test_fetch_seq_item  -     @2128     
  instr_req_o         integral                  1     'h1       
  instr_gnt_i         integral                  1     'h1       
  instr_rvalid_i      integral                  1     'h1       
  instr_addr_o        integral                  32    'h800000dc
  instr_rdata_i       integral                  32    'hfff38393
  instr_rdata_intg_i  integral                  7     'hXx      
  instr_err_i         integral                  1     'h0       
----------------------------------------------------------------

UVM_INFO fetch_agent/ibex_test_fetch_monitor.sv(37) @ 485: uvm_test_top.environment.fetch_agent.monitor [ibex_test_fetch_monitor] MONITOR: Packet Collected :
----------------------------------------------------------------
Name                  Type                      Size  Value     
----------------------------------------------------------------
pkt                   ibex_test_fetch_seq_item  -     @2150     
  instr_req_o         integral                  1     'h1       
  instr_gnt_i         integral                  1     'h1       
  instr_rvalid_i      integral                  1     'h1       
  instr_addr_o        integral                  32    'h800000e0
  instr_rdata_i       integral                  32    'hff5ff06f
  instr_rdata_intg_i  integral                  7     'hXx      
  instr_err_i         integral                  1     'h0       
----------------------------------------------------------------

UVM_INFO fetch_agent/ibex_test_fetch_monitor.sv(37) @ 505: uvm_test_top.environment.fetch_agent.monitor [ibex_test_fetch_monitor] MONITOR: Packet Collected :
----------------------------------------------------------------
Name                  Type                      Size  Value     
----------------------------------------------------------------
pkt                   ibex_test_fetch_seq_item  -     @2192     
  instr_req_o         integral                  1     'h1       
  instr_gnt_i         integral                  1     'h1       
  instr_rvalid_i      integral                  1     'h0       
  instr_addr_o        integral                  32    'h800000e4
  instr_rdata_i       integral                  32    'h8067    
  instr_rdata_intg_i  integral                  7     'hXx      
  instr_err_i         integral                  1     'h0       
----------------------------------------------------------------

UVM_ERROR verif/mem_model.sv(39) @ 505: reporter [<unknown>] read to uninitialzed addr 0x800000e7
UVM_ERROR verif/mem_model.sv(39) @ 505: reporter [<unknown>] read to uninitialzed addr 0x800000e6
UVM_ERROR verif/mem_model.sv(39) @ 505: reporter [<unknown>] read to uninitialzed addr 0x800000e5
UVM_ERROR verif/mem_model.sv(39) @ 505: reporter [<unknown>] read to uninitialzed addr 0x800000e4
UVM_INFO fetch_agent/ibex_test_fetch_monitor.sv(37) @ 515: uvm_test_top.environment.fetch_agent.monitor [ibex_test_fetch_monitor] MONITOR: Packet Collected :
----------------------------------------------------------------
Name                  Type                      Size  Value     
----------------------------------------------------------------
pkt                   ibex_test_fetch_seq_item  -     @2202     
  instr_req_o         integral                  1     'h1       
  instr_gnt_i         integral                  1     'h1       
  instr_rvalid_i      integral                  1     'h1       
  instr_addr_o        integral                  32    'h800000d0
  instr_rdata_i       integral                  32    'h0       
  instr_rdata_intg_i  integral                  7     'hXx      
  instr_err_i         integral                  1     'h0       
----------------------------------------------------------------

UVM_INFO fetch_agent/ibex_test_fetch_monitor.sv(37) @ 525: uvm_test_top.environment.fetch_agent.monitor [ibex_test_fetch_monitor] MONITOR: Packet Collected :
----------------------------------------------------------------
Name                  Type                      Size  Value     
----------------------------------------------------------------
pkt                   ibex_test_fetch_seq_item  -     @2232     
  instr_req_o         integral                  1     'h1       
  instr_gnt_i         integral                  1     'h1       
  instr_rvalid_i      integral                  1     'h1       
  instr_addr_o        integral                  32    'h800000d4
  instr_rdata_i       integral                  32    'h38863   
  instr_rdata_intg_i  integral                  7     'hXx      
  instr_err_i         integral                  1     'h0       
----------------------------------------------------------------


Warning-[RT-MTOCMUCS] More than one condition match in statement
ibex_alu.sv, 78
  More than one condition matches are found in 'unique case' statement inside 
  ibex_test_testbench.dut.u_ibex_top.u_ibex_core.ex_block_i.alu_i, at time 
  535s.
  
  Line number 79 and 80 are overlapping.

UVM_INFO fetch_agent/ibex_test_fetch_monitor.sv(37) @ 535: uvm_test_top.environment.fetch_agent.monitor [ibex_test_fetch_monitor] MONITOR: Packet Collected :
----------------------------------------------------------------
Name                  Type                      Size  Value     
----------------------------------------------------------------
pkt                   ibex_test_fetch_seq_item  -     @2254     
  instr_req_o         integral                  1     'h1       
  instr_gnt_i         integral                  1     'h1       
  instr_rvalid_i      integral                  1     'h1       
  instr_addr_o        integral                  32    'h800000d8
  instr_rdata_i       integral                  32    'h2750533 
  instr_rdata_intg_i  integral                  7     'hXx      
  instr_err_i         integral                  1     'h0       
----------------------------------------------------------------

UVM_INFO fetch_agent/ibex_test_fetch_monitor.sv(37) @ 545: uvm_test_top.environment.fetch_agent.monitor [ibex_test_fetch_monitor] MONITOR: Packet Collected :
----------------------------------------------------------------
Name                  Type                      Size  Value     
----------------------------------------------------------------
pkt                   ibex_test_fetch_seq_item  -     @2276     
  instr_req_o         integral                  1     'h1       
  instr_gnt_i         integral                  1     'h1       
  instr_rvalid_i      integral                  1     'h1       
  instr_addr_o        integral                  32    'h800000dc
  instr_rdata_i       integral                  32    'hfff38393
  instr_rdata_intg_i  integral                  7     'hXx      
  instr_err_i         integral                  1     'h0       
----------------------------------------------------------------

UVM_INFO fetch_agent/ibex_test_fetch_monitor.sv(37) @ 555: uvm_test_top.environment.fetch_agent.monitor [ibex_test_fetch_monitor] MONITOR: Packet Collected :
----------------------------------------------------------------
Name                  Type                      Size  Value     
----------------------------------------------------------------
pkt                   ibex_test_fetch_seq_item  -     @2298     
  instr_req_o         integral                  1     'h1       
  instr_gnt_i         integral                  1     'h1       
  instr_rvalid_i      integral                  1     'h1       
  instr_addr_o        integral                  32    'h800000e0
  instr_rdata_i       integral                  32    'hff5ff06f
  instr_rdata_intg_i  integral                  7     'hXx      
  instr_err_i         integral                  1     'h0       
----------------------------------------------------------------

UVM_INFO fetch_agent/ibex_test_fetch_monitor.sv(37) @ 575: uvm_test_top.environment.fetch_agent.monitor [ibex_test_fetch_monitor] MONITOR: Packet Collected :
----------------------------------------------------------------
Name                  Type                      Size  Value     
----------------------------------------------------------------
pkt                   ibex_test_fetch_seq_item  -     @2340     
  instr_req_o         integral                  1     'h1       
  instr_gnt_i         integral                  1     'h1       
  instr_rvalid_i      integral                  1     'h0       
  instr_addr_o        integral                  32    'h800000e4
  instr_rdata_i       integral                  32    'h8067    
  instr_rdata_intg_i  integral                  7     'hXx      
  instr_err_i         integral                  1     'h0       
----------------------------------------------------------------

UVM_ERROR verif/mem_model.sv(39) @ 575: reporter [<unknown>] read to uninitialzed addr 0x800000e7
UVM_ERROR verif/mem_model.sv(39) @ 575: reporter [<unknown>] read to uninitialzed addr 0x800000e6
UVM_ERROR verif/mem_model.sv(39) @ 575: reporter [<unknown>] read to uninitialzed addr 0x800000e5
UVM_ERROR verif/mem_model.sv(39) @ 575: reporter [<unknown>] read to uninitialzed addr 0x800000e4
UVM_INFO fetch_agent/ibex_test_fetch_monitor.sv(37) @ 585: uvm_test_top.environment.fetch_agent.monitor [ibex_test_fetch_monitor] MONITOR: Packet Collected :
----------------------------------------------------------------
Name                  Type                      Size  Value     
----------------------------------------------------------------
pkt                   ibex_test_fetch_seq_item  -     @2350     
  instr_req_o         integral                  1     'h1       
  instr_gnt_i         integral                  1     'h1       
  instr_rvalid_i      integral                  1     'h1       
  instr_addr_o        integral                  32    'h800000d0
  instr_rdata_i       integral                  32    'h0       
  instr_rdata_intg_i  integral                  7     'hXx      
  instr_err_i         integral                  1     'h0       
----------------------------------------------------------------

UVM_INFO fetch_agent/ibex_test_fetch_monitor.sv(37) @ 595: uvm_test_top.environment.fetch_agent.monitor [ibex_test_fetch_monitor] MONITOR: Packet Collected :
----------------------------------------------------------------
Name                  Type                      Size  Value     
----------------------------------------------------------------
pkt                   ibex_test_fetch_seq_item  -     @2380     
  instr_req_o         integral                  1     'h1       
  instr_gnt_i         integral                  1     'h1       
  instr_rvalid_i      integral                  1     'h1       
  instr_addr_o        integral                  32    'h800000d4
  instr_rdata_i       integral                  32    'h38863   
  instr_rdata_intg_i  integral                  7     'hXx      
  instr_err_i         integral                  1     'h0       
----------------------------------------------------------------

UVM_INFO fetch_agent/ibex_test_fetch_monitor.sv(37) @ 605: uvm_test_top.environment.fetch_agent.monitor [ibex_test_fetch_monitor] MONITOR: Packet Collected :
----------------------------------------------------------------
Name                  Type                      Size  Value     
----------------------------------------------------------------
pkt                   ibex_test_fetch_seq_item  -     @2402     
  instr_req_o         integral                  1     'h1       
  instr_gnt_i         integral                  1     'h1       
  instr_rvalid_i      integral                  1     'h1       
  instr_addr_o        integral                  32    'h800000d8
  instr_rdata_i       integral                  32    'h2750533 
  instr_rdata_intg_i  integral                  7     'hXx      
  instr_err_i         integral                  1     'h0       
----------------------------------------------------------------

UVM_INFO fetch_agent/ibex_test_fetch_monitor.sv(37) @ 615: uvm_test_top.environment.fetch_agent.monitor [ibex_test_fetch_monitor] MONITOR: Packet Collected :
----------------------------------------------------------------
Name                  Type                      Size  Value     
----------------------------------------------------------------
pkt                   ibex_test_fetch_seq_item  -     @2424     
  instr_req_o         integral                  1     'h1       
  instr_gnt_i         integral                  1     'h1       
  instr_rvalid_i      integral                  1     'h1       
  instr_addr_o        integral                  32    'h800000e0
  instr_rdata_i       integral                  32    'hfff38393
  instr_rdata_intg_i  integral                  7     'hXx      
  instr_err_i         integral                  1     'h0       
----------------------------------------------------------------

UVM_INFO fetch_agent/ibex_test_fetch_monitor.sv(37) @ 625: uvm_test_top.environment.fetch_agent.monitor [ibex_test_fetch_monitor] MONITOR: Packet Collected :
----------------------------------------------------------------
Name                  Type                      Size  Value     
----------------------------------------------------------------
pkt                   ibex_test_fetch_seq_item  -     @2446     
  instr_req_o         integral                  1     'h1       
  instr_gnt_i         integral                  1     'h1       
  instr_rvalid_i      integral                  1     'h1       
  instr_addr_o        integral                  32    'h800000e4
  instr_rdata_i       integral                  32    'h8067    
  instr_rdata_intg_i  integral                  7     'hXx      
  instr_err_i         integral                  1     'h0       
----------------------------------------------------------------

UVM_ERROR verif/mem_model.sv(39) @ 625: reporter [<unknown>] read to uninitialzed addr 0x800000e7
UVM_ERROR verif/mem_model.sv(39) @ 625: reporter [<unknown>] read to uninitialzed addr 0x800000e6
UVM_ERROR verif/mem_model.sv(39) @ 625: reporter [<unknown>] read to uninitialzed addr 0x800000e5
UVM_ERROR verif/mem_model.sv(39) @ 625: reporter [<unknown>] read to uninitialzed addr 0x800000e4
UVM_INFO fetch_agent/ibex_test_fetch_monitor.sv(37) @ 635: uvm_test_top.environment.fetch_agent.monitor [ibex_test_fetch_monitor] MONITOR: Packet Collected :
----------------------------------------------------------------
Name                  Type                      Size  Value     
----------------------------------------------------------------
pkt                   ibex_test_fetch_seq_item  -     @2468     
  instr_req_o         integral                  1     'h1       
  instr_gnt_i         integral                  1     'h1       
  instr_rvalid_i      integral                  1     'h1       
  instr_addr_o        integral                  32    'h800000b4
  instr_rdata_i       integral                  32    'h0       
  instr_rdata_intg_i  integral                  7     'hXx      
  instr_err_i         integral                  1     'h0       
----------------------------------------------------------------

UVM_INFO fetch_agent/ibex_test_fetch_monitor.sv(37) @ 645: uvm_test_top.environment.fetch_agent.monitor [ibex_test_fetch_monitor] MONITOR: Packet Collected :
----------------------------------------------------------------
Name                  Type                      Size  Value     
----------------------------------------------------------------
pkt                   ibex_test_fetch_seq_item  -     @2498     
  instr_req_o         integral                  1     'h1       
  instr_gnt_i         integral                  1     'h1       
  instr_rvalid_i      integral                  1     'h1       
  instr_addr_o        integral                  32    'h800000b8
  instr_rdata_i       integral                  32    'ha005b3  
  instr_rdata_intg_i  integral                  7     'hXx      
  instr_err_i         integral                  1     'h0       
----------------------------------------------------------------

UVM_INFO fetch_agent/ibex_test_fetch_monitor.sv(37) @ 655: uvm_test_top.environment.fetch_agent.monitor [ibex_test_fetch_monitor] MONITOR: Packet Collected :
----------------------------------------------------------------
Name                  Type                      Size  Value     
----------------------------------------------------------------
pkt                   ibex_test_fetch_seq_item  -     @2520     
  instr_req_o         integral                  1     'h1       
  instr_gnt_i         integral                  1     'h1       
  instr_rvalid_i      integral                  1     'h1       
  instr_addr_o        integral                  32    'h800000bc
  instr_rdata_i       integral                  32    'ha00513  
  instr_rdata_intg_i  integral                  7     'hXx      
  instr_err_i         integral                  1     'h0       
----------------------------------------------------------------

UVM_INFO fetch_agent/ibex_test_fetch_monitor.sv(37) @ 665: uvm_test_top.environment.fetch_agent.monitor [ibex_test_fetch_monitor] MONITOR: Packet Collected :
----------------------------------------------------------------
Name                  Type                      Size  Value     
----------------------------------------------------------------
pkt                   ibex_test_fetch_seq_item  -     @2542     
  instr_req_o         integral                  1     'h1       
  instr_gnt_i         integral                  1     'h1       
  instr_rvalid_i      integral                  1     'h1       
  instr_addr_o        integral                  32    'h800000c0
  instr_rdata_i       integral                  32    'h73      
  instr_rdata_intg_i  integral                  7     'hXx      
  instr_err_i         integral                  1     'h0       
----------------------------------------------------------------

UVM_INFO fetch_agent/ibex_test_fetch_monitor.sv(37) @ 675: uvm_test_top.environment.fetch_agent.monitor [ibex_test_fetch_monitor] MONITOR: Packet Collected :
----------------------------------------------------------------
Name                  Type                      Size  Value     
----------------------------------------------------------------
pkt                   ibex_test_fetch_seq_item  -     @2564     
  instr_req_o         integral                  1     'h1       
  instr_gnt_i         integral                  1     'h1       
  instr_rvalid_i      integral                  1     'h1       
  instr_addr_o        integral                  32    'h800000c4
  instr_rdata_i       integral                  32    'h503b3   
  instr_rdata_intg_i  integral                  7     'hXx      
  instr_err_i         integral                  1     'h0       
----------------------------------------------------------------

UVM_INFO /usr/synopsys/vcs-L-2016.06//etc/uvm-1.2/base/uvm_objection.svh(1270) @ 685: reporter [TEST_DONE] 'run' phase is ready to proceed to the 'extract' phase
UVM_INFO ibex_test_test_lib.sv(40) @ 685: uvm_test_top [ibex_test_base_test] check_phase()
check_config_usage();
UVM_INFO /usr/synopsys/vcs-L-2016.06//etc/uvm-1.2/base/uvm_report_catcher.svh(705) @ 685: reporter [UVM/REPORT/CATCHER] 
--- UVM Report catcher Summary ---


Number of demoted UVM_FATAL reports  :    0
Number of demoted UVM_ERROR reports  :    0
Number of demoted UVM_WARNING reports:    0
Number of caught UVM_FATAL reports   :    0
Number of caught UVM_ERROR reports   :    0
Number of caught UVM_WARNING reports :    0

UVM_INFO /usr/synopsys/vcs-L-2016.06//etc/uvm-1.2/base/uvm_report_server.svh(894) @ 685: reporter [UVM/REPORT/SERVER] 
--- UVM Report Summary ---

** Report counts by severity
UVM_INFO :  180
UVM_WARNING :    0
UVM_ERROR :   24
UVM_FATAL :    0
** Report counts by id
[<unknown>]   132
[RNTST]     1
[TEST_DONE]     1
[UVM/RELNOTES]     1
[UVM/REPORT/CATCHER]     1
[ibex_test_base_test]     5
[ibex_test_fetch_driver]     1
[ibex_test_fetch_monitor]    60
[ibex_test_lsu_driver]     1
[ibex_test_lsu_monitor]     1

$finish called from file "/usr/synopsys/vcs-L-2016.06//etc/uvm-1.2/base/uvm_root.svh", line 527.
$finish at simulation time                  685
Simulation complete, time is 685.
           V C S   S i m u l a t i o n   R e p o r t 
Time: 685
CPU Time:      0.660 seconds;       Data structure size:   8.6Mb
Thu May 26 15:58:24 2022
Updating preference file: /root/.synopsys_dve_prefs.tcl
           V C S   S i m u l a t i o n   R e p o r t 
Time: 685
CPU Time:      0.910 seconds;       Data structure size:   8.6Mb
Fri May 27 20:09:54 2022
